<?xml version="1.0" encoding="UTF-8"?>
<testsuite xmlns:xsi="http://www.w3.org/2001/XMLSchema-instance" xsi:noNamespaceSchemaLocation="https://maven.apache.org/surefire/maven-surefire-plugin/xsd/surefire-test-report.xsd" name="Selenium-Framework-Practice #2" time="46.499" tests="1" errors="1" skipped="0" failures="0">
  <properties>
[...]
</properties>
  <testcase name="Perform key board function" classname="Selenium-Framework-Practice #2" time="46.499">
    <error message="Index 19 out of bounds for length 0" type="java.lang.IndexOutOfBoundsException">java.lang.IndexOutOfBoundsException: Index 19 out of bounds for length 0
</error>
    <system-out><![CDATA[?????????????????????????????????????????????????????????????????????????????????????
? Share your Cucumber Report with your team at https://reports.cucumber.io          ?
? Activate publishing with one of the following:                                    ?
?                                                                                   ?
? src/test/resources/cucumber.properties:          cucumber.publish.enabled=true    ?
? src/test/resources/junit-platform.properties:    cucumber.publish.enabled=true    ?
? Environment variable:                            CUCUMBER_PUBLISH_ENABLED=true    ?
? JUnit:                                           @CucumberOptions(publish = true) ?
?                                                                                   ?
? More information at https://cucumber.io/docs/cucumber/environment-variables/      ?
?                                                                                   ?
? Disable this message with one of the following:                                   ?
?                                                                                   ?
? src/test/resources/cucumber.properties:          cucumber.publish.quiet=true      ?
? src/test/resources/junit-platform.properties:    cucumber.publish.quiet=true      ?
?????????????????????????????????????????????????????????????????????????????????????

@KeyboardFunctions
Scenario: Perform key board function                          # Features/SeleniumFramPractice2.feature:11
Output == Before
[DEBUG] Resolution chrome=114 in cache (valid until 12:49:54 11/06/2023 IST)
[DEBUG] Resolution chrome114=114.0.5735.90 in cache (valid until 10:49:24 12/06/2023 IST)
[INFO] Using chromedriver 114.0.5735.90 (resolved driver for Chrome 114)
[DEBUG] Driver chromedriver 114.0.5735.90 found in cache
[INFO] Exporting webdriver.chrome.driver as C:\Users\Khushi\.cache\selenium\chromedriver\win32\114.0.5735.90\chromedriver.exe
[DEBUG] Using SLF4J as the default logging framework
[DEBUG] -Dio.netty.leakDetection.level: simple
[DEBUG] -Dio.netty.leakDetection.targetRecords: 4
[DEBUG] Loaded default ResourceLeakDetector: io.netty.util.ResourceLeakDetector@4c0da7fd
[DEBUG] -Dio.netty.noUnsafe: false
[DEBUG] Java version: 17
[DEBUG] sun.misc.Unsafe.theUnsafe: available
[DEBUG] sun.misc.Unsafe.copyMemory: available
[DEBUG] sun.misc.Unsafe.storeFence: available
[DEBUG] java.nio.Buffer.address: available
[DEBUG] direct buffer constructor: unavailable: Reflective setAccessible(true) disabled
[DEBUG] java.nio.Bits.unaligned: available, true
[DEBUG] jdk.internal.misc.Unsafe.allocateUninitializedArray(int): unavailable: class io.netty.util.internal.PlatformDependent0$7 cannot access class jdk.internal.misc.Unsafe (in module java.base) because module java.base does not export jdk.internal.misc to unnamed module @50a7bc6e
[DEBUG] java.nio.DirectByteBuffer.<init>(long, int): unavailable
[DEBUG] sun.misc.Unsafe: available
[DEBUG] maxDirectMemory: 4135583744 bytes (maybe)
[DEBUG] -Dio.netty.tmpdir: C:\Users\Khushi\AppData\Local\Temp (java.io.tmpdir)
[DEBUG] -Dio.netty.bitMode: 64 (sun.arch.data.model)
[DEBUG] Platform: Windows
[DEBUG] -Dio.netty.maxDirectMemory: -1 bytes
[DEBUG] -Dio.netty.uninitializedArrayAllocationThreshold: -1
[DEBUG] java.nio.ByteBuffer.cleaner(): available
[DEBUG] -Dio.netty.noPreferDirect: false
[DEBUG] org.jctools-core.MpscChunkedArrayQueue: available
[DEBUG] -Dio.netty.threadLocalMap.stringBuilder.initialSize: 1024
[DEBUG] -Dio.netty.threadLocalMap.stringBuilder.maxSize: 4096
[DEBUG] Default protocols (JDK): [TLSv1.3, TLSv1.2] 
[DEBUG] Default cipher suites (JDK): [TLS_ECDHE_ECDSA_WITH_AES_256_GCM_SHA384, TLS_ECDHE_ECDSA_WITH_AES_128_GCM_SHA256, TLS_ECDHE_RSA_WITH_AES_128_GCM_SHA256, TLS_ECDHE_RSA_WITH_AES_256_GCM_SHA384, TLS_ECDHE_RSA_WITH_AES_128_CBC_SHA, TLS_ECDHE_RSA_WITH_AES_256_CBC_SHA, TLS_RSA_WITH_AES_128_GCM_SHA256, TLS_RSA_WITH_AES_128_CBC_SHA, TLS_RSA_WITH_AES_256_CBC_SHA, TLS_AES_128_GCM_SHA256, TLS_AES_256_GCM_SHA384]
[DEBUG] -Dio.netty.globalEventExecutor.quietPeriodSeconds: 1
[DEBUG] -Dio.netty.eventLoopThreads: 24
[DEBUG] -Dio.netty.noKeySetOptimization: false
[DEBUG] -Dio.netty.selectorAutoRebuildThreshold: 512
[DEBUG] -Dio.netty.allocator.numHeapArenas: 24
[DEBUG] -Dio.netty.allocator.numDirectArenas: 24
[DEBUG] -Dio.netty.allocator.pageSize: 8192
[DEBUG] -Dio.netty.allocator.maxOrder: 9
[DEBUG] -Dio.netty.allocator.chunkSize: 4194304
[DEBUG] -Dio.netty.allocator.smallCacheSize: 256
[DEBUG] -Dio.netty.allocator.normalCacheSize: 64
[DEBUG] -Dio.netty.allocator.maxCachedBufferCapacity: 32768
[DEBUG] -Dio.netty.allocator.cacheTrimInterval: 8192
[DEBUG] -Dio.netty.allocator.cacheTrimIntervalMillis: 0
[DEBUG] -Dio.netty.allocator.useCacheForAllThreads: false
[DEBUG] -Dio.netty.allocator.maxCachedByteBuffersPerChunk: 1023
[DEBUG] -Dio.netty.allocator.type: pooled
[DEBUG] -Dio.netty.threadLocalDirectBufferSize: 0
[DEBUG] -Dio.netty.maxThreadLocalCharBufferSize: 16384
[DEBUG] Using new Channel '[id: 0x4399a49d, L:/127.0.0.1:58280 - R:localhost/127.0.0.1:31219]' for 'POST' to '/session'
[DEBUG] -Dio.netty.recycler.maxCapacityPerThread: 4096
[DEBUG] -Dio.netty.recycler.ratio: 8
[DEBUG] -Dio.netty.recycler.chunkSize: 32
[DEBUG] -Dio.netty.recycler.blocking: false
[DEBUG] -Dio.netty.recycler.batchFastThreadLocalOnly: true
[DEBUG] brotli4j not in the classpath; Brotli support will be unavailable.
[DEBUG] 

Request DefaultHttpRequest(decodeResult: success, version: HTTP/1.1)
POST /session HTTP/1.1
User-Agent: selenium/4.8.3 (java windows)
Content-Length: 439
Content-Type: application/json; charset=utf-8
host: localhost:31219
accept: */*

Response DefaultHttpResponse(decodeResult: success, version: HTTP/1.1)
HTTP/1.1 200 OK
Content-Length: 861
Content-Type: application/json; charset=utf-8
cache-control: no-cache

[DEBUG] Adding key: http://localhost:31219 for channel [id: 0x4399a49d, L:/127.0.0.1:58280 - R:localhost/127.0.0.1:31219]
[DEBUG] Using new Channel '[id: 0x3f2446d2, L:/127.0.0.1:58295 - R:localhost/127.0.0.1:58282]' for 'GET' to '/json/version'
[DEBUG] 

Request DefaultFullHttpRequest(decodeResult: success, version: HTTP/1.1, content: EmptyByteBufBE)
GET /json/version HTTP/1.1
User-Agent: selenium/4.8.3 (java windows)
host: localhost:58282
accept: */*

Response DefaultHttpResponse(decodeResult: success, version: HTTP/1.1)
HTTP/1.1 200 OK
Content-Security-Policy: frame-ancestors 'none'
Content-Length: 424
Content-Type: application/json; charset=UTF-8

[DEBUG] Adding key: http://localhost:58282 for channel [id: 0x3f2446d2, L:/127.0.0.1:58295 - R:localhost/127.0.0.1:58282]
[DEBUG] -Dio.netty.initialSeedUniquifier: 0x6a5696c3f382f4ed
[DEBUG] Using new Channel '[id: 0xd8c1c315, L:/127.0.0.1:58296 - R:localhost/127.0.0.1:58282]' for 'GET' to '/devtools/browser/c8645a4a-3b25-45ac-a093-63a92e23693d'
[DEBUG] 

Request DefaultFullHttpRequest(decodeResult: success, version: HTTP/1.1, content: EmptyByteBufBE)
GET /devtools/browser/c8645a4a-3b25-45ac-a093-63a92e23693d HTTP/1.1
upgrade: websocket
connection: upgrade
sec-websocket-key: 3PzBd36c+lbQO8sf1rZltQ==
sec-websocket-version: 13
origin: http://localhost:58282
host: localhost:58282
accept: */*
user-agent: AHC/2.1

Response DefaultHttpResponse(decodeResult: success, version: HTTP/1.1)
HTTP/1.1 101 WebSocket Protocol Handshake
Upgrade: WebSocket
Connection: Upgrade
Sec-WebSocket-Accept: FkNhBR4UVvqIKyl4LfpCi2KfeaM=

[DEBUG] Entry count for : http://localhost:58282 : 1
[DEBUG] Entry count for : http://localhost:31219 : 1
[DEBUG] Entry count for : http://localhost:44411 : 1
[DEBUG] Entry count for : http://localhost:58281 : 1
[DEBUG] Using pooled Channel '[id: 0x4399a49d, L:/127.0.0.1:58280 - R:localhost/127.0.0.1:31219]' for 'POST' to 'http://localhost:31219/session/ef9c975180a494f538484de40f55b2cf/window/maximize'
[DEBUG] Using open Channel [id: 0x4399a49d, L:/127.0.0.1:58280 - R:localhost/127.0.0.1:31219] for POST '/session/ef9c975180a494f538484de40f55b2cf/window/maximize'
[DEBUG] 

Request DefaultHttpRequest(decodeResult: success, version: HTTP/1.1)
POST /session/ef9c975180a494f538484de40f55b2cf/window/maximize HTTP/1.1
User-Agent: selenium/4.8.3 (java windows)
Content-Length: 3
Content-Type: application/json; charset=utf-8
host: localhost:31219
accept: */*

Response DefaultHttpResponse(decodeResult: success, version: HTTP/1.1)
HTTP/1.1 200 OK
Content-Length: 51
Content-Type: application/json; charset=utf-8
cache-control: no-cache

[DEBUG] Adding key: http://localhost:31219 for channel [id: 0x4399a49d, L:/127.0.0.1:58280 - R:localhost/127.0.0.1:31219]
[DEBUG] 

Request DefaultHttpRequest(decodeResult: success, version: HTTP/1.1)
POST /session/ef9c975180a494f538484de40f55b2cf/timeouts HTTP/1.1
User-Agent: selenium/4.8.3 (java windows)
Content-Length: 23
Content-Type: application/json; charset=utf-8
host: localhost:31219
accept: */*

Response DefaultHttpResponse(decodeResult: success, version: HTTP/1.1)
HTTP/1.1 200 OK
Content-Length: 14
Content-Type: application/json; charset=utf-8
cache-control: no-cache

[DEBUG] Adding key: http://localhost:31219 for channel [id: 0x4399a49d, L:/127.0.0.1:58280 - R:localhost/127.0.0.1:31219]
[DEBUG] Using new Channel '[id: 0xa45c3bbb, L:/127.0.0.1:58301 - R:localhost/127.0.0.1:31219]' for 'POST' to '/session/ef9c975180a494f538484de40f55b2cf/timeouts'
[DEBUG] 

Request DefaultHttpRequest(decodeResult: success, version: HTTP/1.1)
POST /session/ef9c975180a494f538484de40f55b2cf/timeouts HTTP/1.1
User-Agent: selenium/4.8.3 (java windows)
Content-Length: 23
Content-Type: application/json; charset=utf-8
host: localhost:31219
accept: */*

Response DefaultHttpResponse(decodeResult: success, version: HTTP/1.1)
HTTP/1.1 200 OK
Content-Length: 14
Content-Type: application/json; charset=utf-8
cache-control: no-cache

[DEBUG] Adding key: http://localhost:31219 for channel [id: 0xa45c3bbb, L:/127.0.0.1:58301 - R:localhost/127.0.0.1:31219]
[DEBUG] Using pooled Channel '[id: 0xa45c3bbb, L:/127.0.0.1:58301 - R:localhost/127.0.0.1:31219]' for 'POST' to 'http://localhost:31219/session/ef9c975180a494f538484de40f55b2cf/timeouts'
[DEBUG] Using open Channel [id: 0xa45c3bbb, L:/127.0.0.1:58301 - R:localhost/127.0.0.1:31219] for POST '/session/ef9c975180a494f538484de40f55b2cf/timeouts'
[DEBUG] 

Request DefaultHttpRequest(decodeResult: success, version: HTTP/1.1)
POST /session/ef9c975180a494f538484de40f55b2cf/timeouts HTTP/1.1
User-Agent: selenium/4.8.3 (java windows)
Content-Length: 23
Content-Type: application/json; charset=utf-8
host: localhost:31219
accept: */*

Response DefaultHttpResponse(decodeResult: success, version: HTTP/1.1)
HTTP/1.1 200 OK
Content-Length: 14
Content-Type: application/json; charset=utf-8
cache-control: no-cache

[DEBUG] 

Request DefaultHttpRequest(decodeResult: success, version: HTTP/1.1)
POST /session/ef9c975180a494f538484de40f55b2cf/timeouts HTTP/1.1
User-Agent: selenium/4.8.3 (java windows)
Content-Length: 23
Content-Type: application/json; charset=utf-8
host: localhost:31219
accept: */*

Response DefaultHttpResponse(decodeResult: success, version: HTTP/1.1)
HTTP/1.1 200 OK
Content-Length: 14
Content-Type: application/json; charset=utf-8
cache-control: no-cache

[DEBUG] Adding key: http://localhost:31219 for channel [id: 0x4399a49d, L:/127.0.0.1:58280 - R:localhost/127.0.0.1:31219]
[DEBUG] Adding key: http://localhost:31219 for channel [id: 0xa45c3bbb, L:/127.0.0.1:58301 - R:localhost/127.0.0.1:31219]
Output == BeforeStep
[DEBUG] Using pooled Channel '[id: 0x4399a49d, L:/127.0.0.1:58280 - R:localhost/127.0.0.1:31219]' for 'POST' to 'http://localhost:31219/session/ef9c975180a494f538484de40f55b2cf/url'
[DEBUG] Using open Channel [id: 0x4399a49d, L:/127.0.0.1:58280 - R:localhost/127.0.0.1:31219] for POST '/session/ef9c975180a494f538484de40f55b2cf/url'
[DEBUG] Entry count for : http://localhost:58282 : 1
[DEBUG] Entry count for : http://localhost:44411 : 1
[DEBUG] Entry count for : http://localhost:58281 : 1
[DEBUG] Entry count for : http://localhost:58282 : 1
[DEBUG] Entry count for : http://localhost:44411 : 1
[DEBUG] Entry count for : http://localhost:58281 : 1
[DEBUG] Entry count for : http://localhost:58282 : 1
[DEBUG] Entry count for : http://localhost:44411 : 1
[DEBUG] Entry count for : http://localhost:58281 : 1
[DEBUG] Entry count for : http://localhost:58282 : 1
[DEBUG] Entry count for : http://localhost:44411 : 1
[DEBUG] Entry count for : http://localhost:58281 : 1
[DEBUG] Entry count for : http://localhost:58282 : 1
[DEBUG] Entry count for : http://localhost:44411 : 1
[DEBUG] Entry count for : http://localhost:58281 : 1
[DEBUG] Entry count for : http://localhost:58282 : 1
[DEBUG] Entry count for : http://localhost:44411 : 1
[DEBUG] Entry count for : http://localhost:58281 : 1
[DEBUG] Entry count for : http://localhost:58282 : 1
[DEBUG] Entry count for : http://localhost:44411 : 1
[DEBUG] Entry count for : http://localhost:58281 : 1
[DEBUG] Entry count for : http://localhost:58282 : 1
[DEBUG] Entry count for : http://localhost:44411 : 1
[DEBUG] Entry count for : http://localhost:58281 : 1
[DEBUG] Entry count for : http://localhost:58282 : 1
[DEBUG] Entry count for : http://localhost:44411 : 1
[DEBUG] Entry count for : http://localhost:58281 : 1
[DEBUG] Entry count for : http://localhost:58282 : 1
[DEBUG] Entry count for : http://localhost:44411 : 1
[DEBUG] Entry count for : http://localhost:58281 : 1
[DEBUG] Entry count for : http://localhost:58282 : 1
[DEBUG] Entry count for : http://localhost:44411 : 1
[DEBUG] Entry count for : http://localhost:58281 : 1
[DEBUG] 

Request DefaultHttpRequest(decodeResult: success, version: HTTP/1.1)
POST /session/ef9c975180a494f538484de40f55b2cf/url HTTP/1.1
User-Agent: selenium/4.8.3 (java windows)
Content-Length: 65
Content-Type: application/json; charset=utf-8
host: localhost:31219
accept: */*

Response DefaultHttpResponse(decodeResult: success, version: HTTP/1.1)
HTTP/1.1 200 OK
Content-Length: 14
Content-Type: application/json; charset=utf-8
cache-control: no-cache

[DEBUG] Adding key: http://localhost:31219 for channel [id: 0x4399a49d, L:/127.0.0.1:58280 - R:localhost/127.0.0.1:31219]
  Given I lauch auotmation demo website for practice selenium # StepDefinitions.SeleniumFraStepDef.i_lauch_auotmation_demo_website_for_practice_selenium()
Output == AfterStep
Output == BeforeStep
[DEBUG] Using pooled Channel '[id: 0x4399a49d, L:/127.0.0.1:58280 - R:localhost/127.0.0.1:31219]' for 'POST' to 'http://localhost:31219/session/ef9c975180a494f538484de40f55b2cf/elements'
[DEBUG] Using open Channel [id: 0x4399a49d, L:/127.0.0.1:58280 - R:localhost/127.0.0.1:31219] for POST '/session/ef9c975180a494f538484de40f55b2cf/elements'
[DEBUG] 

Request DefaultHttpRequest(decodeResult: success, version: HTTP/1.1)
POST /session/ef9c975180a494f538484de40f55b2cf/url HTTP/1.1
User-Agent: selenium/4.8.3 (java windows)
Content-Length: 65
Content-Type: application/json; charset=utf-8
host: localhost:31219
accept: */*

Response DefaultHttpResponse(decodeResult: success, version: HTTP/1.1)
HTTP/1.1 200 OK
Content-Length: 14
Content-Type: application/json; charset=utf-8
cache-control: no-cache

[DEBUG] Adding key: http://localhost:31219 for channel [id: 0xa45c3bbb, L:/127.0.0.1:58301 - R:localhost/127.0.0.1:31219]
[DEBUG] 

Request DefaultHttpRequest(decodeResult: success, version: HTTP/1.1)
POST /session/ef9c975180a494f538484de40f55b2cf/elements HTTP/1.1
User-Agent: selenium/4.8.3 (java windows)
Content-Length: 86
Content-Type: application/json; charset=utf-8
host: localhost:31219
accept: */*

Response DefaultHttpResponse(decodeResult: success, version: HTTP/1.1)
HTTP/1.1 200 OK
Content-Length: 3790
Content-Type: application/json; charset=utf-8
cache-control: no-cache

[DEBUG] Adding key: http://localhost:31219 for channel [id: 0x4399a49d, L:/127.0.0.1:58280 - R:localhost/127.0.0.1:31219]
[DEBUG] 

Request DefaultHttpRequest(decodeResult: success, version: HTTP/1.1)
POST /session/ef9c975180a494f538484de40f55b2cf/elements HTTP/1.1
User-Agent: selenium/4.8.3 (java windows)
Content-Length: 86
Content-Type: application/json; charset=utf-8
host: localhost:31219
accept: */*

Response DefaultHttpResponse(decodeResult: success, version: HTTP/1.1)
HTTP/1.1 200 OK
Content-Length: 3790
Content-Type: application/json; charset=utf-8
cache-control: no-cache

[DEBUG] Adding key: http://localhost:31219 for channel [id: 0xa45c3bbb, L:/127.0.0.1:58301 - R:localhost/127.0.0.1:31219]
[DEBUG] Using pooled Channel '[id: 0xa45c3bbb, L:/127.0.0.1:58301 - R:localhost/127.0.0.1:31219]' for 'POST' to 'http://localhost:31219/session/ef9c975180a494f538484de40f55b2cf/elements'
[DEBUG] Using open Channel [id: 0xa45c3bbb, L:/127.0.0.1:58301 - R:localhost/127.0.0.1:31219] for POST '/session/ef9c975180a494f538484de40f55b2cf/elements'
[DEBUG] 

Request DefaultHttpRequest(decodeResult: success, version: HTTP/1.1)
POST /session/ef9c975180a494f538484de40f55b2cf/elements HTTP/1.1
User-Agent: selenium/4.8.3 (java windows)
Content-Length: 86
Content-Type: application/json; charset=utf-8
host: localhost:31219
accept: */*

Response DefaultHttpResponse(decodeResult: success, version: HTTP/1.1)
HTTP/1.1 200 OK
Content-Length: 3790
Content-Type: application/json; charset=utf-8
cache-control: no-cache

[DEBUG] Adding key: http://localhost:31219 for channel [id: 0xa45c3bbb, L:/127.0.0.1:58301 - R:localhost/127.0.0.1:31219]
[DEBUG] Using pooled Channel '[id: 0xa45c3bbb, L:/127.0.0.1:58301 - R:localhost/127.0.0.1:31219]' for 'GET' to 'http://localhost:31219/session/ef9c975180a494f538484de40f55b2cf/element/5775BB1B5D6E3100F33BD9156B88B3FD_element_5/text'
[DEBUG] Using open Channel [id: 0xa45c3bbb, L:/127.0.0.1:58301 - R:localhost/127.0.0.1:31219] for GET '/session/ef9c975180a494f538484de40f55b2cf/element/5775BB1B5D6E3100F33BD9156B88B3FD_element_5/text'
[DEBUG] 

Request DefaultHttpRequest(decodeResult: success, version: HTTP/1.1)
POST /session/ef9c975180a494f538484de40f55b2cf/elements HTTP/1.1
User-Agent: selenium/4.8.3 (java windows)
Content-Length: 86
Content-Type: application/json; charset=utf-8
host: localhost:31219
accept: */*

Response DefaultHttpResponse(decodeResult: success, version: HTTP/1.1)
HTTP/1.1 200 OK
Content-Length: 3790
Content-Type: application/json; charset=utf-8
cache-control: no-cache

[DEBUG] Adding key: http://localhost:31219 for channel [id: 0x4399a49d, L:/127.0.0.1:58280 - R:localhost/127.0.0.1:31219]
[DEBUG] 

Request DefaultFullHttpRequest(decodeResult: success, version: HTTP/1.1, content: EmptyByteBufBE)
GET /session/ef9c975180a494f538484de40f55b2cf/element/5775BB1B5D6E3100F33BD9156B88B3FD_element_5/text HTTP/1.1
User-Agent: selenium/4.8.3 (java windows)
Cache-Control: no-cache
Content-Type: application/json; charset=utf-8
host: localhost:31219
accept: */*

Response DefaultHttpResponse(decodeResult: success, version: HTTP/1.1)
HTTP/1.1 200 OK
Content-Length: 23
Content-Type: application/json; charset=utf-8
cache-control: no-cache

[DEBUG] Adding key: http://localhost:31219 for channel [id: 0xa45c3bbb, L:/127.0.0.1:58301 - R:localhost/127.0.0.1:31219]
[DEBUG] Using pooled Channel '[id: 0xa45c3bbb, L:/127.0.0.1:58301 - R:localhost/127.0.0.1:31219]' for 'POST' to 'http://localhost:31219/session/ef9c975180a494f538484de40f55b2cf/elements'
[DEBUG] Using open Channel [id: 0xa45c3bbb, L:/127.0.0.1:58301 - R:localhost/127.0.0.1:31219] for POST '/session/ef9c975180a494f538484de40f55b2cf/elements'
[DEBUG] 

Request DefaultFullHttpRequest(decodeResult: success, version: HTTP/1.1, content: EmptyByteBufBE)
GET /session/ef9c975180a494f538484de40f55b2cf/element/5775BB1B5D6E3100F33BD9156B88B3FD_element_5/text HTTP/1.1
User-Agent: selenium/4.8.3 (java windows)
Cache-Control: no-cache
Content-Type: application/json; charset=utf-8
host: localhost:31219
accept: */*

Response DefaultHttpResponse(decodeResult: success, version: HTTP/1.1)
HTTP/1.1 200 OK
Content-Length: 23
Content-Type: application/json; charset=utf-8
cache-control: no-cache

[DEBUG] Adding key: http://localhost:31219 for channel [id: 0x4399a49d, L:/127.0.0.1:58280 - R:localhost/127.0.0.1:31219]
[DEBUG] 

Request DefaultHttpRequest(decodeResult: success, version: HTTP/1.1)
POST /session/ef9c975180a494f538484de40f55b2cf/elements HTTP/1.1
User-Agent: selenium/4.8.3 (java windows)
Content-Length: 86
Content-Type: application/json; charset=utf-8
host: localhost:31219
accept: */*

Response DefaultHttpResponse(decodeResult: success, version: HTTP/1.1)
HTTP/1.1 200 OK
Content-Length: 3790
Content-Type: application/json; charset=utf-8
cache-control: no-cache

[DEBUG] Adding key: http://localhost:31219 for channel [id: 0xa45c3bbb, L:/127.0.0.1:58301 - R:localhost/127.0.0.1:31219]
[DEBUG] Using pooled Channel '[id: 0xa45c3bbb, L:/127.0.0.1:58301 - R:localhost/127.0.0.1:31219]' for 'GET' to 'http://localhost:31219/session/ef9c975180a494f538484de40f55b2cf/element/5775BB1B5D6E3100F33BD9156B88B3FD_element_6/text'
[DEBUG] Using open Channel [id: 0xa45c3bbb, L:/127.0.0.1:58301 - R:localhost/127.0.0.1:31219] for GET '/session/ef9c975180a494f538484de40f55b2cf/element/5775BB1B5D6E3100F33BD9156B88B3FD_element_6/text'
[DEBUG] 

Request DefaultHttpRequest(decodeResult: success, version: HTTP/1.1)
POST /session/ef9c975180a494f538484de40f55b2cf/elements HTTP/1.1
User-Agent: selenium/4.8.3 (java windows)
Content-Length: 86
Content-Type: application/json; charset=utf-8
host: localhost:31219
accept: */*

Response DefaultHttpResponse(decodeResult: success, version: HTTP/1.1)
HTTP/1.1 200 OK
Content-Length: 3790
Content-Type: application/json; charset=utf-8
cache-control: no-cache

[DEBUG] Adding key: http://localhost:31219 for channel [id: 0x4399a49d, L:/127.0.0.1:58280 - R:localhost/127.0.0.1:31219]
[DEBUG] 

Request DefaultFullHttpRequest(decodeResult: success, version: HTTP/1.1, content: EmptyByteBufBE)
GET /session/ef9c975180a494f538484de40f55b2cf/element/5775BB1B5D6E3100F33BD9156B88B3FD_element_6/text HTTP/1.1
User-Agent: selenium/4.8.3 (java windows)
Cache-Control: no-cache
Content-Type: application/json; charset=utf-8
host: localhost:31219
accept: */*

Response DefaultHttpResponse(decodeResult: success, version: HTTP/1.1)
HTTP/1.1 200 OK
Content-Length: 31
Content-Type: application/json; charset=utf-8
cache-control: no-cache

[DEBUG] Adding key: http://localhost:31219 for channel [id: 0xa45c3bbb, L:/127.0.0.1:58301 - R:localhost/127.0.0.1:31219]
[DEBUG] Using pooled Channel '[id: 0xa45c3bbb, L:/127.0.0.1:58301 - R:localhost/127.0.0.1:31219]' for 'POST' to 'http://localhost:31219/session/ef9c975180a494f538484de40f55b2cf/elements'
[DEBUG] Using open Channel [id: 0xa45c3bbb, L:/127.0.0.1:58301 - R:localhost/127.0.0.1:31219] for POST '/session/ef9c975180a494f538484de40f55b2cf/elements'
[DEBUG] 

Request DefaultFullHttpRequest(decodeResult: success, version: HTTP/1.1, content: EmptyByteBufBE)
GET /session/ef9c975180a494f538484de40f55b2cf/element/5775BB1B5D6E3100F33BD9156B88B3FD_element_6/text HTTP/1.1
User-Agent: selenium/4.8.3 (java windows)
Cache-Control: no-cache
Content-Type: application/json; charset=utf-8
host: localhost:31219
accept: */*

Response DefaultHttpResponse(decodeResult: success, version: HTTP/1.1)
HTTP/1.1 200 OK
Content-Length: 31
Content-Type: application/json; charset=utf-8
cache-control: no-cache

[DEBUG] Adding key: http://localhost:31219 for channel [id: 0x4399a49d, L:/127.0.0.1:58280 - R:localhost/127.0.0.1:31219]
[DEBUG] 

Request DefaultHttpRequest(decodeResult: success, version: HTTP/1.1)
POST /session/ef9c975180a494f538484de40f55b2cf/elements HTTP/1.1
User-Agent: selenium/4.8.3 (java windows)
Content-Length: 86
Content-Type: application/json; charset=utf-8
host: localhost:31219
accept: */*

Response DefaultHttpResponse(decodeResult: success, version: HTTP/1.1)
HTTP/1.1 200 OK
Content-Length: 3790
Content-Type: application/json; charset=utf-8
cache-control: no-cache

[DEBUG] Adding key: http://localhost:31219 for channel [id: 0xa45c3bbb, L:/127.0.0.1:58301 - R:localhost/127.0.0.1:31219]
[DEBUG] Using pooled Channel '[id: 0xa45c3bbb, L:/127.0.0.1:58301 - R:localhost/127.0.0.1:31219]' for 'GET' to 'http://localhost:31219/session/ef9c975180a494f538484de40f55b2cf/element/5775BB1B5D6E3100F33BD9156B88B3FD_element_7/text'
[DEBUG] Using open Channel [id: 0xa45c3bbb, L:/127.0.0.1:58301 - R:localhost/127.0.0.1:31219] for GET '/session/ef9c975180a494f538484de40f55b2cf/element/5775BB1B5D6E3100F33BD9156B88B3FD_element_7/text'
[DEBUG] 

Request DefaultHttpRequest(decodeResult: success, version: HTTP/1.1)
POST /session/ef9c975180a494f538484de40f55b2cf/elements HTTP/1.1
User-Agent: selenium/4.8.3 (java windows)
Content-Length: 86
Content-Type: application/json; charset=utf-8
host: localhost:31219
accept: */*

Response DefaultHttpResponse(decodeResult: success, version: HTTP/1.1)
HTTP/1.1 200 OK
Content-Length: 3790
Content-Type: application/json; charset=utf-8
cache-control: no-cache

[DEBUG] Adding key: http://localhost:31219 for channel [id: 0x4399a49d, L:/127.0.0.1:58280 - R:localhost/127.0.0.1:31219]
[DEBUG] 

Request DefaultFullHttpRequest(decodeResult: success, version: HTTP/1.1, content: EmptyByteBufBE)
GET /session/ef9c975180a494f538484de40f55b2cf/element/5775BB1B5D6E3100F33BD9156B88B3FD_element_7/text HTTP/1.1
User-Agent: selenium/4.8.3 (java windows)
Cache-Control: no-cache
Content-Type: application/json; charset=utf-8
host: localhost:31219
accept: */*

Response DefaultHttpResponse(decodeResult: success, version: HTTP/1.1)
HTTP/1.1 200 OK
Content-Length: 22
Content-Type: application/json; charset=utf-8
cache-control: no-cache

[DEBUG] Adding key: http://localhost:31219 for channel [id: 0xa45c3bbb, L:/127.0.0.1:58301 - R:localhost/127.0.0.1:31219]
[DEBUG] Using pooled Channel '[id: 0xa45c3bbb, L:/127.0.0.1:58301 - R:localhost/127.0.0.1:31219]' for 'POST' to 'http://localhost:31219/session/ef9c975180a494f538484de40f55b2cf/elements'
[DEBUG] Using open Channel [id: 0xa45c3bbb, L:/127.0.0.1:58301 - R:localhost/127.0.0.1:31219] for POST '/session/ef9c975180a494f538484de40f55b2cf/elements'
[DEBUG] 

Request DefaultFullHttpRequest(decodeResult: success, version: HTTP/1.1, content: EmptyByteBufBE)
GET /session/ef9c975180a494f538484de40f55b2cf/element/5775BB1B5D6E3100F33BD9156B88B3FD_element_7/text HTTP/1.1
User-Agent: selenium/4.8.3 (java windows)
Cache-Control: no-cache
Content-Type: application/json; charset=utf-8
host: localhost:31219
accept: */*

Response DefaultHttpResponse(decodeResult: success, version: HTTP/1.1)
HTTP/1.1 200 OK
Content-Length: 22
Content-Type: application/json; charset=utf-8
cache-control: no-cache

[DEBUG] Adding key: http://localhost:31219 for channel [id: 0x4399a49d, L:/127.0.0.1:58280 - R:localhost/127.0.0.1:31219]
[DEBUG] 

Request DefaultHttpRequest(decodeResult: success, version: HTTP/1.1)
POST /session/ef9c975180a494f538484de40f55b2cf/elements HTTP/1.1
User-Agent: selenium/4.8.3 (java windows)
Content-Length: 86
Content-Type: application/json; charset=utf-8
host: localhost:31219
accept: */*

Response DefaultHttpResponse(decodeResult: success, version: HTTP/1.1)
HTTP/1.1 200 OK
Content-Length: 3790
Content-Type: application/json; charset=utf-8
cache-control: no-cache

[DEBUG] Adding key: http://localhost:31219 for channel [id: 0xa45c3bbb, L:/127.0.0.1:58301 - R:localhost/127.0.0.1:31219]
[DEBUG] Using pooled Channel '[id: 0xa45c3bbb, L:/127.0.0.1:58301 - R:localhost/127.0.0.1:31219]' for 'GET' to 'http://localhost:31219/session/ef9c975180a494f538484de40f55b2cf/element/5775BB1B5D6E3100F33BD9156B88B3FD_element_8/text'
[DEBUG] Using open Channel [id: 0xa45c3bbb, L:/127.0.0.1:58301 - R:localhost/127.0.0.1:31219] for GET '/session/ef9c975180a494f538484de40f55b2cf/element/5775BB1B5D6E3100F33BD9156B88B3FD_element_8/text'
[DEBUG] 

Request DefaultHttpRequest(decodeResult: success, version: HTTP/1.1)
POST /session/ef9c975180a494f538484de40f55b2cf/elements HTTP/1.1
User-Agent: selenium/4.8.3 (java windows)
Content-Length: 86
Content-Type: application/json; charset=utf-8
host: localhost:31219
accept: */*

Response DefaultHttpResponse(decodeResult: success, version: HTTP/1.1)
HTTP/1.1 200 OK
Content-Length: 3790
Content-Type: application/json; charset=utf-8
cache-control: no-cache

[DEBUG] Adding key: http://localhost:31219 for channel [id: 0x4399a49d, L:/127.0.0.1:58280 - R:localhost/127.0.0.1:31219]
[DEBUG] 

Request DefaultFullHttpRequest(decodeResult: success, version: HTTP/1.1, content: EmptyByteBufBE)
GET /session/ef9c975180a494f538484de40f55b2cf/element/5775BB1B5D6E3100F33BD9156B88B3FD_element_8/text HTTP/1.1
User-Agent: selenium/4.8.3 (java windows)
Cache-Control: no-cache
Content-Type: application/json; charset=utf-8
host: localhost:31219
accept: */*

Response DefaultHttpResponse(decodeResult: success, version: HTTP/1.1)
HTTP/1.1 200 OK
Content-Length: 25
Content-Type: application/json; charset=utf-8
cache-control: no-cache

[DEBUG] Adding key: http://localhost:31219 for channel [id: 0xa45c3bbb, L:/127.0.0.1:58301 - R:localhost/127.0.0.1:31219]
[DEBUG] Using pooled Channel '[id: 0xa45c3bbb, L:/127.0.0.1:58301 - R:localhost/127.0.0.1:31219]' for 'POST' to 'http://localhost:31219/session/ef9c975180a494f538484de40f55b2cf/elements'
[DEBUG] Using open Channel [id: 0xa45c3bbb, L:/127.0.0.1:58301 - R:localhost/127.0.0.1:31219] for POST '/session/ef9c975180a494f538484de40f55b2cf/elements'
[DEBUG] 

Request DefaultFullHttpRequest(decodeResult: success, version: HTTP/1.1, content: EmptyByteBufBE)
GET /session/ef9c975180a494f538484de40f55b2cf/element/5775BB1B5D6E3100F33BD9156B88B3FD_element_8/text HTTP/1.1
User-Agent: selenium/4.8.3 (java windows)
Cache-Control: no-cache
Content-Type: application/json; charset=utf-8
host: localhost:31219
accept: */*

Response DefaultHttpResponse(decodeResult: success, version: HTTP/1.1)
HTTP/1.1 200 OK
Content-Length: 25
Content-Type: application/json; charset=utf-8
cache-control: no-cache

[DEBUG] Adding key: http://localhost:31219 for channel [id: 0x4399a49d, L:/127.0.0.1:58280 - R:localhost/127.0.0.1:31219]
[DEBUG] 

Request DefaultHttpRequest(decodeResult: success, version: HTTP/1.1)
POST /session/ef9c975180a494f538484de40f55b2cf/elements HTTP/1.1
User-Agent: selenium/4.8.3 (java windows)
Content-Length: 86
Content-Type: application/json; charset=utf-8
host: localhost:31219
accept: */*

Response DefaultHttpResponse(decodeResult: success, version: HTTP/1.1)
HTTP/1.1 200 OK
Content-Length: 3790
Content-Type: application/json; charset=utf-8
cache-control: no-cache

[DEBUG] Adding key: http://localhost:31219 for channel [id: 0xa45c3bbb, L:/127.0.0.1:58301 - R:localhost/127.0.0.1:31219]
[DEBUG] Using pooled Channel '[id: 0xa45c3bbb, L:/127.0.0.1:58301 - R:localhost/127.0.0.1:31219]' for 'GET' to 'http://localhost:31219/session/ef9c975180a494f538484de40f55b2cf/element/5775BB1B5D6E3100F33BD9156B88B3FD_element_9/text'
[DEBUG] Using open Channel [id: 0xa45c3bbb, L:/127.0.0.1:58301 - R:localhost/127.0.0.1:31219] for GET '/session/ef9c975180a494f538484de40f55b2cf/element/5775BB1B5D6E3100F33BD9156B88B3FD_element_9/text'
[DEBUG] 

Request DefaultHttpRequest(decodeResult: success, version: HTTP/1.1)
POST /session/ef9c975180a494f538484de40f55b2cf/elements HTTP/1.1
User-Agent: selenium/4.8.3 (java windows)
Content-Length: 86
Content-Type: application/json; charset=utf-8
host: localhost:31219
accept: */*

Response DefaultHttpResponse(decodeResult: success, version: HTTP/1.1)
HTTP/1.1 200 OK
Content-Length: 3790
Content-Type: application/json; charset=utf-8
cache-control: no-cache

[DEBUG] Adding key: http://localhost:31219 for channel [id: 0x4399a49d, L:/127.0.0.1:58280 - R:localhost/127.0.0.1:31219]
[DEBUG] 

Request DefaultFullHttpRequest(decodeResult: success, version: HTTP/1.1, content: EmptyByteBufBE)
GET /session/ef9c975180a494f538484de40f55b2cf/element/5775BB1B5D6E3100F33BD9156B88B3FD_element_9/text HTTP/1.1
User-Agent: selenium/4.8.3 (java windows)
Cache-Control: no-cache
Content-Type: application/json; charset=utf-8
host: localhost:31219
accept: */*

Response DefaultHttpResponse(decodeResult: success, version: HTTP/1.1)
HTTP/1.1 200 OK
Content-Length: 27
Content-Type: application/json; charset=utf-8
cache-control: no-cache

[DEBUG] Adding key: http://localhost:31219 for channel [id: 0xa45c3bbb, L:/127.0.0.1:58301 - R:localhost/127.0.0.1:31219]
[DEBUG] Using pooled Channel '[id: 0xa45c3bbb, L:/127.0.0.1:58301 - R:localhost/127.0.0.1:31219]' for 'POST' to 'http://localhost:31219/session/ef9c975180a494f538484de40f55b2cf/elements'
[DEBUG] Using open Channel [id: 0xa45c3bbb, L:/127.0.0.1:58301 - R:localhost/127.0.0.1:31219] for POST '/session/ef9c975180a494f538484de40f55b2cf/elements'
[DEBUG] 

Request DefaultFullHttpRequest(decodeResult: success, version: HTTP/1.1, content: EmptyByteBufBE)
GET /session/ef9c975180a494f538484de40f55b2cf/element/5775BB1B5D6E3100F33BD9156B88B3FD_element_9/text HTTP/1.1
User-Agent: selenium/4.8.3 (java windows)
Cache-Control: no-cache
Content-Type: application/json; charset=utf-8
host: localhost:31219
accept: */*

Response DefaultHttpResponse(decodeResult: success, version: HTTP/1.1)
HTTP/1.1 200 OK
Content-Length: 27
Content-Type: application/json; charset=utf-8
cache-control: no-cache

[DEBUG] Adding key: http://localhost:31219 for channel [id: 0x4399a49d, L:/127.0.0.1:58280 - R:localhost/127.0.0.1:31219]
[DEBUG] 

Request DefaultHttpRequest(decodeResult: success, version: HTTP/1.1)
POST /session/ef9c975180a494f538484de40f55b2cf/elements HTTP/1.1
User-Agent: selenium/4.8.3 (java windows)
Content-Length: 86
Content-Type: application/json; charset=utf-8
host: localhost:31219
accept: */*

Response DefaultHttpResponse(decodeResult: success, version: HTTP/1.1)
HTTP/1.1 200 OK
Content-Length: 3790
Content-Type: application/json; charset=utf-8
cache-control: no-cache

[DEBUG] Adding key: http://localhost:31219 for channel [id: 0xa45c3bbb, L:/127.0.0.1:58301 - R:localhost/127.0.0.1:31219]
[DEBUG] Using pooled Channel '[id: 0xa45c3bbb, L:/127.0.0.1:58301 - R:localhost/127.0.0.1:31219]' for 'GET' to 'http://localhost:31219/session/ef9c975180a494f538484de40f55b2cf/element/5775BB1B5D6E3100F33BD9156B88B3FD_element_10/text'
[DEBUG] Using open Channel [id: 0xa45c3bbb, L:/127.0.0.1:58301 - R:localhost/127.0.0.1:31219] for GET '/session/ef9c975180a494f538484de40f55b2cf/element/5775BB1B5D6E3100F33BD9156B88B3FD_element_10/text'
[DEBUG] 

Request DefaultHttpRequest(decodeResult: success, version: HTTP/1.1)
POST /session/ef9c975180a494f538484de40f55b2cf/elements HTTP/1.1
User-Agent: selenium/4.8.3 (java windows)
Content-Length: 86
Content-Type: application/json; charset=utf-8
host: localhost:31219
accept: */*

Response DefaultHttpResponse(decodeResult: success, version: HTTP/1.1)
HTTP/1.1 200 OK
Content-Length: 3790
Content-Type: application/json; charset=utf-8
cache-control: no-cache

[DEBUG] Adding key: http://localhost:31219 for channel [id: 0x4399a49d, L:/127.0.0.1:58280 - R:localhost/127.0.0.1:31219]
[DEBUG] 

Request DefaultFullHttpRequest(decodeResult: success, version: HTTP/1.1, content: EmptyByteBufBE)
GET /session/ef9c975180a494f538484de40f55b2cf/element/5775BB1B5D6E3100F33BD9156B88B3FD_element_10/text HTTP/1.1
User-Agent: selenium/4.8.3 (java windows)
Cache-Control: no-cache
Content-Type: application/json; charset=utf-8
host: localhost:31219
accept: */*

Response DefaultHttpResponse(decodeResult: success, version: HTTP/1.1)
HTTP/1.1 200 OK
Content-Length: 22
Content-Type: application/json; charset=utf-8
cache-control: no-cache

[DEBUG] Adding key: http://localhost:31219 for channel [id: 0xa45c3bbb, L:/127.0.0.1:58301 - R:localhost/127.0.0.1:31219]
[DEBUG] Using pooled Channel '[id: 0xa45c3bbb, L:/127.0.0.1:58301 - R:localhost/127.0.0.1:31219]' for 'POST' to 'http://localhost:31219/session/ef9c975180a494f538484de40f55b2cf/elements'
[DEBUG] Using open Channel [id: 0xa45c3bbb, L:/127.0.0.1:58301 - R:localhost/127.0.0.1:31219] for POST '/session/ef9c975180a494f538484de40f55b2cf/elements'
[DEBUG] 

Request DefaultFullHttpRequest(decodeResult: success, version: HTTP/1.1, content: EmptyByteBufBE)
GET /session/ef9c975180a494f538484de40f55b2cf/element/5775BB1B5D6E3100F33BD9156B88B3FD_element_10/text HTTP/1.1
User-Agent: selenium/4.8.3 (java windows)
Cache-Control: no-cache
Content-Type: application/json; charset=utf-8
host: localhost:31219
accept: */*

Response DefaultHttpResponse(decodeResult: success, version: HTTP/1.1)
HTTP/1.1 200 OK
Content-Length: 22
Content-Type: application/json; charset=utf-8
cache-control: no-cache

[DEBUG] Adding key: http://localhost:31219 for channel [id: 0x4399a49d, L:/127.0.0.1:58280 - R:localhost/127.0.0.1:31219]
[DEBUG] 

Request DefaultHttpRequest(decodeResult: success, version: HTTP/1.1)
POST /session/ef9c975180a494f538484de40f55b2cf/elements HTTP/1.1
User-Agent: selenium/4.8.3 (java windows)
Content-Length: 86
Content-Type: application/json; charset=utf-8
host: localhost:31219
accept: */*

Response DefaultHttpResponse(decodeResult: success, version: HTTP/1.1)
HTTP/1.1 200 OK
Content-Length: 3790
Content-Type: application/json; charset=utf-8
cache-control: no-cache

[DEBUG] Adding key: http://localhost:31219 for channel [id: 0xa45c3bbb, L:/127.0.0.1:58301 - R:localhost/127.0.0.1:31219]
[DEBUG] Using pooled Channel '[id: 0xa45c3bbb, L:/127.0.0.1:58301 - R:localhost/127.0.0.1:31219]' for 'GET' to 'http://localhost:31219/session/ef9c975180a494f538484de40f55b2cf/element/5775BB1B5D6E3100F33BD9156B88B3FD_element_11/text'
[DEBUG] Using open Channel [id: 0xa45c3bbb, L:/127.0.0.1:58301 - R:localhost/127.0.0.1:31219] for GET '/session/ef9c975180a494f538484de40f55b2cf/element/5775BB1B5D6E3100F33BD9156B88B3FD_element_11/text'
[DEBUG] 

Request DefaultHttpRequest(decodeResult: success, version: HTTP/1.1)
POST /session/ef9c975180a494f538484de40f55b2cf/elements HTTP/1.1
User-Agent: selenium/4.8.3 (java windows)
Content-Length: 86
Content-Type: application/json; charset=utf-8
host: localhost:31219
accept: */*

Response DefaultHttpResponse(decodeResult: success, version: HTTP/1.1)
HTTP/1.1 200 OK
Content-Length: 3790
Content-Type: application/json; charset=utf-8
cache-control: no-cache

[DEBUG] Adding key: http://localhost:31219 for channel [id: 0x4399a49d, L:/127.0.0.1:58280 - R:localhost/127.0.0.1:31219]
[DEBUG] 

Request DefaultFullHttpRequest(decodeResult: success, version: HTTP/1.1, content: EmptyByteBufBE)
GET /session/ef9c975180a494f538484de40f55b2cf/element/5775BB1B5D6E3100F33BD9156B88B3FD_element_11/text HTTP/1.1
User-Agent: selenium/4.8.3 (java windows)
Cache-Control: no-cache
Content-Type: application/json; charset=utf-8
host: localhost:31219
accept: */*

Response DefaultHttpResponse(decodeResult: success, version: HTTP/1.1)
HTTP/1.1 200 OK
Content-Length: 24
Content-Type: application/json; charset=utf-8
cache-control: no-cache

[DEBUG] Adding key: http://localhost:31219 for channel [id: 0xa45c3bbb, L:/127.0.0.1:58301 - R:localhost/127.0.0.1:31219]
[DEBUG] Using pooled Channel '[id: 0xa45c3bbb, L:/127.0.0.1:58301 - R:localhost/127.0.0.1:31219]' for 'POST' to 'http://localhost:31219/session/ef9c975180a494f538484de40f55b2cf/elements'
[DEBUG] Using open Channel [id: 0xa45c3bbb, L:/127.0.0.1:58301 - R:localhost/127.0.0.1:31219] for POST '/session/ef9c975180a494f538484de40f55b2cf/elements'
[DEBUG] 

Request DefaultFullHttpRequest(decodeResult: success, version: HTTP/1.1, content: EmptyByteBufBE)
GET /session/ef9c975180a494f538484de40f55b2cf/element/5775BB1B5D6E3100F33BD9156B88B3FD_element_11/text HTTP/1.1
User-Agent: selenium/4.8.3 (java windows)
Cache-Control: no-cache
Content-Type: application/json; charset=utf-8
host: localhost:31219
accept: */*

Response DefaultHttpResponse(decodeResult: success, version: HTTP/1.1)
HTTP/1.1 200 OK
Content-Length: 24
Content-Type: application/json; charset=utf-8
cache-control: no-cache

[DEBUG] Adding key: http://localhost:31219 for channel [id: 0x4399a49d, L:/127.0.0.1:58280 - R:localhost/127.0.0.1:31219]
[DEBUG] 

Request DefaultHttpRequest(decodeResult: success, version: HTTP/1.1)
POST /session/ef9c975180a494f538484de40f55b2cf/elements HTTP/1.1
User-Agent: selenium/4.8.3 (java windows)
Content-Length: 86
Content-Type: application/json; charset=utf-8
host: localhost:31219
accept: */*

Response DefaultHttpResponse(decodeResult: success, version: HTTP/1.1)
HTTP/1.1 200 OK
Content-Length: 3790
Content-Type: application/json; charset=utf-8
cache-control: no-cache

[DEBUG] Adding key: http://localhost:31219 for channel [id: 0xa45c3bbb, L:/127.0.0.1:58301 - R:localhost/127.0.0.1:31219]
[DEBUG] Using pooled Channel '[id: 0xa45c3bbb, L:/127.0.0.1:58301 - R:localhost/127.0.0.1:31219]' for 'GET' to 'http://localhost:31219/session/ef9c975180a494f538484de40f55b2cf/element/5775BB1B5D6E3100F33BD9156B88B3FD_element_12/text'
[DEBUG] Using open Channel [id: 0xa45c3bbb, L:/127.0.0.1:58301 - R:localhost/127.0.0.1:31219] for GET '/session/ef9c975180a494f538484de40f55b2cf/element/5775BB1B5D6E3100F33BD9156B88B3FD_element_12/text'
[DEBUG] 

Request DefaultHttpRequest(decodeResult: success, version: HTTP/1.1)
POST /session/ef9c975180a494f538484de40f55b2cf/elements HTTP/1.1
User-Agent: selenium/4.8.3 (java windows)
Content-Length: 86
Content-Type: application/json; charset=utf-8
host: localhost:31219
accept: */*

Response DefaultHttpResponse(decodeResult: success, version: HTTP/1.1)
HTTP/1.1 200 OK
Content-Length: 3790
Content-Type: application/json; charset=utf-8
cache-control: no-cache

[DEBUG] Adding key: http://localhost:31219 for channel [id: 0x4399a49d, L:/127.0.0.1:58280 - R:localhost/127.0.0.1:31219]
[DEBUG] 

Request DefaultFullHttpRequest(decodeResult: success, version: HTTP/1.1, content: EmptyByteBufBE)
GET /session/ef9c975180a494f538484de40f55b2cf/element/5775BB1B5D6E3100F33BD9156B88B3FD_element_12/text HTTP/1.1
User-Agent: selenium/4.8.3 (java windows)
Cache-Control: no-cache
Content-Type: application/json; charset=utf-8
host: localhost:31219
accept: */*

Response DefaultHttpResponse(decodeResult: success, version: HTTP/1.1)
HTTP/1.1 200 OK
Content-Length: 33
Content-Type: application/json; charset=utf-8
cache-control: no-cache

[DEBUG] Adding key: http://localhost:31219 for channel [id: 0xa45c3bbb, L:/127.0.0.1:58301 - R:localhost/127.0.0.1:31219]
[DEBUG] Using pooled Channel '[id: 0xa45c3bbb, L:/127.0.0.1:58301 - R:localhost/127.0.0.1:31219]' for 'POST' to 'http://localhost:31219/session/ef9c975180a494f538484de40f55b2cf/elements'
[DEBUG] Using open Channel [id: 0xa45c3bbb, L:/127.0.0.1:58301 - R:localhost/127.0.0.1:31219] for POST '/session/ef9c975180a494f538484de40f55b2cf/elements'
[DEBUG] 

Request DefaultFullHttpRequest(decodeResult: success, version: HTTP/1.1, content: EmptyByteBufBE)
GET /session/ef9c975180a494f538484de40f55b2cf/element/5775BB1B5D6E3100F33BD9156B88B3FD_element_12/text HTTP/1.1
User-Agent: selenium/4.8.3 (java windows)
Cache-Control: no-cache
Content-Type: application/json; charset=utf-8
host: localhost:31219
accept: */*

Response DefaultHttpResponse(decodeResult: success, version: HTTP/1.1)
HTTP/1.1 200 OK
Content-Length: 33
Content-Type: application/json; charset=utf-8
cache-control: no-cache

[DEBUG] Adding key: http://localhost:31219 for channel [id: 0x4399a49d, L:/127.0.0.1:58280 - R:localhost/127.0.0.1:31219]
[DEBUG] 

Request DefaultHttpRequest(decodeResult: success, version: HTTP/1.1)
POST /session/ef9c975180a494f538484de40f55b2cf/elements HTTP/1.1
User-Agent: selenium/4.8.3 (java windows)
Content-Length: 86
Content-Type: application/json; charset=utf-8
host: localhost:31219
accept: */*

Response DefaultHttpResponse(decodeResult: success, version: HTTP/1.1)
HTTP/1.1 200 OK
Content-Length: 3790
Content-Type: application/json; charset=utf-8
cache-control: no-cache

[DEBUG] Adding key: http://localhost:31219 for channel [id: 0xa45c3bbb, L:/127.0.0.1:58301 - R:localhost/127.0.0.1:31219]
[DEBUG] Using pooled Channel '[id: 0xa45c3bbb, L:/127.0.0.1:58301 - R:localhost/127.0.0.1:31219]' for 'GET' to 'http://localhost:31219/session/ef9c975180a494f538484de40f55b2cf/element/5775BB1B5D6E3100F33BD9156B88B3FD_element_13/text'
[DEBUG] Using open Channel [id: 0xa45c3bbb, L:/127.0.0.1:58301 - R:localhost/127.0.0.1:31219] for GET '/session/ef9c975180a494f538484de40f55b2cf/element/5775BB1B5D6E3100F33BD9156B88B3FD_element_13/text'
[DEBUG] 

Request DefaultHttpRequest(decodeResult: success, version: HTTP/1.1)
POST /session/ef9c975180a494f538484de40f55b2cf/elements HTTP/1.1
User-Agent: selenium/4.8.3 (java windows)
Content-Length: 86
Content-Type: application/json; charset=utf-8
host: localhost:31219
accept: */*

Response DefaultHttpResponse(decodeResult: success, version: HTTP/1.1)
HTTP/1.1 200 OK
Content-Length: 3790
Content-Type: application/json; charset=utf-8
cache-control: no-cache

[DEBUG] Adding key: http://localhost:31219 for channel [id: 0x4399a49d, L:/127.0.0.1:58280 - R:localhost/127.0.0.1:31219]
[DEBUG] 

Request DefaultFullHttpRequest(decodeResult: success, version: HTTP/1.1, content: EmptyByteBufBE)
GET /session/ef9c975180a494f538484de40f55b2cf/element/5775BB1B5D6E3100F33BD9156B88B3FD_element_13/text HTTP/1.1
User-Agent: selenium/4.8.3 (java windows)
Cache-Control: no-cache
Content-Type: application/json; charset=utf-8
host: localhost:31219
accept: */*

Response DefaultHttpResponse(decodeResult: success, version: HTTP/1.1)
HTTP/1.1 200 OK
Content-Length: 33
Content-Type: application/json; charset=utf-8
cache-control: no-cache

[DEBUG] Adding key: http://localhost:31219 for channel [id: 0xa45c3bbb, L:/127.0.0.1:58301 - R:localhost/127.0.0.1:31219]
[DEBUG] Using pooled Channel '[id: 0xa45c3bbb, L:/127.0.0.1:58301 - R:localhost/127.0.0.1:31219]' for 'POST' to 'http://localhost:31219/session/ef9c975180a494f538484de40f55b2cf/elements'
[DEBUG] Using open Channel [id: 0xa45c3bbb, L:/127.0.0.1:58301 - R:localhost/127.0.0.1:31219] for POST '/session/ef9c975180a494f538484de40f55b2cf/elements'
[DEBUG] 

Request DefaultFullHttpRequest(decodeResult: success, version: HTTP/1.1, content: EmptyByteBufBE)
GET /session/ef9c975180a494f538484de40f55b2cf/element/5775BB1B5D6E3100F33BD9156B88B3FD_element_13/text HTTP/1.1
User-Agent: selenium/4.8.3 (java windows)
Cache-Control: no-cache
Content-Type: application/json; charset=utf-8
host: localhost:31219
accept: */*

Response DefaultHttpResponse(decodeResult: success, version: HTTP/1.1)
HTTP/1.1 200 OK
Content-Length: 33
Content-Type: application/json; charset=utf-8
cache-control: no-cache

[DEBUG] Adding key: http://localhost:31219 for channel [id: 0x4399a49d, L:/127.0.0.1:58280 - R:localhost/127.0.0.1:31219]
[DEBUG] 

Request DefaultHttpRequest(decodeResult: success, version: HTTP/1.1)
POST /session/ef9c975180a494f538484de40f55b2cf/elements HTTP/1.1
User-Agent: selenium/4.8.3 (java windows)
Content-Length: 86
Content-Type: application/json; charset=utf-8
host: localhost:31219
accept: */*

Response DefaultHttpResponse(decodeResult: success, version: HTTP/1.1)
HTTP/1.1 200 OK
Content-Length: 3790
Content-Type: application/json; charset=utf-8
cache-control: no-cache

[DEBUG] Adding key: http://localhost:31219 for channel [id: 0xa45c3bbb, L:/127.0.0.1:58301 - R:localhost/127.0.0.1:31219]
[DEBUG] Using pooled Channel '[id: 0xa45c3bbb, L:/127.0.0.1:58301 - R:localhost/127.0.0.1:31219]' for 'GET' to 'http://localhost:31219/session/ef9c975180a494f538484de40f55b2cf/element/5775BB1B5D6E3100F33BD9156B88B3FD_element_14/text'
[DEBUG] Using open Channel [id: 0xa45c3bbb, L:/127.0.0.1:58301 - R:localhost/127.0.0.1:31219] for GET '/session/ef9c975180a494f538484de40f55b2cf/element/5775BB1B5D6E3100F33BD9156B88B3FD_element_14/text'
[DEBUG] 

Request DefaultHttpRequest(decodeResult: success, version: HTTP/1.1)
POST /session/ef9c975180a494f538484de40f55b2cf/elements HTTP/1.1
User-Agent: selenium/4.8.3 (java windows)
Content-Length: 86
Content-Type: application/json; charset=utf-8
host: localhost:31219
accept: */*

Response DefaultHttpResponse(decodeResult: success, version: HTTP/1.1)
HTTP/1.1 200 OK
Content-Length: 3790
Content-Type: application/json; charset=utf-8
cache-control: no-cache

[DEBUG] Adding key: http://localhost:31219 for channel [id: 0x4399a49d, L:/127.0.0.1:58280 - R:localhost/127.0.0.1:31219]
[DEBUG] 

Request DefaultFullHttpRequest(decodeResult: success, version: HTTP/1.1, content: EmptyByteBufBE)
GET /session/ef9c975180a494f538484de40f55b2cf/element/5775BB1B5D6E3100F33BD9156B88B3FD_element_14/text HTTP/1.1
User-Agent: selenium/4.8.3 (java windows)
Cache-Control: no-cache
Content-Type: application/json; charset=utf-8
host: localhost:31219
accept: */*

Response DefaultHttpResponse(decodeResult: success, version: HTTP/1.1)
HTTP/1.1 200 OK
Content-Length: 25
Content-Type: application/json; charset=utf-8
cache-control: no-cache

[DEBUG] Adding key: http://localhost:31219 for channel [id: 0xa45c3bbb, L:/127.0.0.1:58301 - R:localhost/127.0.0.1:31219]
[DEBUG] Using pooled Channel '[id: 0xa45c3bbb, L:/127.0.0.1:58301 - R:localhost/127.0.0.1:31219]' for 'POST' to 'http://localhost:31219/session/ef9c975180a494f538484de40f55b2cf/elements'
[DEBUG] Using open Channel [id: 0xa45c3bbb, L:/127.0.0.1:58301 - R:localhost/127.0.0.1:31219] for POST '/session/ef9c975180a494f538484de40f55b2cf/elements'
[DEBUG] 

Request DefaultFullHttpRequest(decodeResult: success, version: HTTP/1.1, content: EmptyByteBufBE)
GET /session/ef9c975180a494f538484de40f55b2cf/element/5775BB1B5D6E3100F33BD9156B88B3FD_element_14/text HTTP/1.1
User-Agent: selenium/4.8.3 (java windows)
Cache-Control: no-cache
Content-Type: application/json; charset=utf-8
host: localhost:31219
accept: */*

Response DefaultHttpResponse(decodeResult: success, version: HTTP/1.1)
HTTP/1.1 200 OK
Content-Length: 25
Content-Type: application/json; charset=utf-8
cache-control: no-cache

[DEBUG] Adding key: http://localhost:31219 for channel [id: 0x4399a49d, L:/127.0.0.1:58280 - R:localhost/127.0.0.1:31219]
[DEBUG] 

Request DefaultHttpRequest(decodeResult: success, version: HTTP/1.1)
POST /session/ef9c975180a494f538484de40f55b2cf/elements HTTP/1.1
User-Agent: selenium/4.8.3 (java windows)
Content-Length: 86
Content-Type: application/json; charset=utf-8
host: localhost:31219
accept: */*

Response DefaultHttpResponse(decodeResult: success, version: HTTP/1.1)
HTTP/1.1 200 OK
Content-Length: 3790
Content-Type: application/json; charset=utf-8
cache-control: no-cache

[DEBUG] Adding key: http://localhost:31219 for channel [id: 0xa45c3bbb, L:/127.0.0.1:58301 - R:localhost/127.0.0.1:31219]
[DEBUG] Using pooled Channel '[id: 0xa45c3bbb, L:/127.0.0.1:58301 - R:localhost/127.0.0.1:31219]' for 'GET' to 'http://localhost:31219/session/ef9c975180a494f538484de40f55b2cf/element/5775BB1B5D6E3100F33BD9156B88B3FD_element_15/text'
[DEBUG] Using open Channel [id: 0xa45c3bbb, L:/127.0.0.1:58301 - R:localhost/127.0.0.1:31219] for GET '/session/ef9c975180a494f538484de40f55b2cf/element/5775BB1B5D6E3100F33BD9156B88B3FD_element_15/text'
[DEBUG] 

Request DefaultHttpRequest(decodeResult: success, version: HTTP/1.1)
POST /session/ef9c975180a494f538484de40f55b2cf/elements HTTP/1.1
User-Agent: selenium/4.8.3 (java windows)
Content-Length: 86
Content-Type: application/json; charset=utf-8
host: localhost:31219
accept: */*

Response DefaultHttpResponse(decodeResult: success, version: HTTP/1.1)
HTTP/1.1 200 OK
Content-Length: 3790
Content-Type: application/json; charset=utf-8
cache-control: no-cache

[DEBUG] Adding key: http://localhost:31219 for channel [id: 0x4399a49d, L:/127.0.0.1:58280 - R:localhost/127.0.0.1:31219]
[DEBUG] 

Request DefaultFullHttpRequest(decodeResult: success, version: HTTP/1.1, content: EmptyByteBufBE)
GET /session/ef9c975180a494f538484de40f55b2cf/element/5775BB1B5D6E3100F33BD9156B88B3FD_element_15/text HTTP/1.1
User-Agent: selenium/4.8.3 (java windows)
Cache-Control: no-cache
Content-Type: application/json; charset=utf-8
host: localhost:31219
accept: */*

Response DefaultHttpResponse(decodeResult: success, version: HTTP/1.1)
HTTP/1.1 200 OK
Content-Length: 20
Content-Type: application/json; charset=utf-8
cache-control: no-cache

[DEBUG] Adding key: http://localhost:31219 for channel [id: 0xa45c3bbb, L:/127.0.0.1:58301 - R:localhost/127.0.0.1:31219]
[DEBUG] Using pooled Channel '[id: 0xa45c3bbb, L:/127.0.0.1:58301 - R:localhost/127.0.0.1:31219]' for 'POST' to 'http://localhost:31219/session/ef9c975180a494f538484de40f55b2cf/elements'
[DEBUG] Using open Channel [id: 0xa45c3bbb, L:/127.0.0.1:58301 - R:localhost/127.0.0.1:31219] for POST '/session/ef9c975180a494f538484de40f55b2cf/elements'
[DEBUG] 

Request DefaultFullHttpRequest(decodeResult: success, version: HTTP/1.1, content: EmptyByteBufBE)
GET /session/ef9c975180a494f538484de40f55b2cf/element/5775BB1B5D6E3100F33BD9156B88B3FD_element_15/text HTTP/1.1
User-Agent: selenium/4.8.3 (java windows)
Cache-Control: no-cache
Content-Type: application/json; charset=utf-8
host: localhost:31219
accept: */*

Response DefaultHttpResponse(decodeResult: success, version: HTTP/1.1)
HTTP/1.1 200 OK
Content-Length: 20
Content-Type: application/json; charset=utf-8
cache-control: no-cache

[DEBUG] Adding key: http://localhost:31219 for channel [id: 0x4399a49d, L:/127.0.0.1:58280 - R:localhost/127.0.0.1:31219]
[DEBUG] 

Request DefaultHttpRequest(decodeResult: success, version: HTTP/1.1)
POST /session/ef9c975180a494f538484de40f55b2cf/elements HTTP/1.1
User-Agent: selenium/4.8.3 (java windows)
Content-Length: 86
Content-Type: application/json; charset=utf-8
host: localhost:31219
accept: */*

Response DefaultHttpResponse(decodeResult: success, version: HTTP/1.1)
HTTP/1.1 200 OK
Content-Length: 3790
Content-Type: application/json; charset=utf-8
cache-control: no-cache

[DEBUG] Adding key: http://localhost:31219 for channel [id: 0xa45c3bbb, L:/127.0.0.1:58301 - R:localhost/127.0.0.1:31219]
[DEBUG] Using pooled Channel '[id: 0xa45c3bbb, L:/127.0.0.1:58301 - R:localhost/127.0.0.1:31219]' for 'GET' to 'http://localhost:31219/session/ef9c975180a494f538484de40f55b2cf/element/5775BB1B5D6E3100F33BD9156B88B3FD_element_16/text'
[DEBUG] Using open Channel [id: 0xa45c3bbb, L:/127.0.0.1:58301 - R:localhost/127.0.0.1:31219] for GET '/session/ef9c975180a494f538484de40f55b2cf/element/5775BB1B5D6E3100F33BD9156B88B3FD_element_16/text'
[DEBUG] 

Request DefaultHttpRequest(decodeResult: success, version: HTTP/1.1)
POST /session/ef9c975180a494f538484de40f55b2cf/elements HTTP/1.1
User-Agent: selenium/4.8.3 (java windows)
Content-Length: 86
Content-Type: application/json; charset=utf-8
host: localhost:31219
accept: */*

Response DefaultHttpResponse(decodeResult: success, version: HTTP/1.1)
HTTP/1.1 200 OK
Content-Length: 3790
Content-Type: application/json; charset=utf-8
cache-control: no-cache

[DEBUG] Adding key: http://localhost:31219 for channel [id: 0x4399a49d, L:/127.0.0.1:58280 - R:localhost/127.0.0.1:31219]
[DEBUG] 

Request DefaultFullHttpRequest(decodeResult: success, version: HTTP/1.1, content: EmptyByteBufBE)
GET /session/ef9c975180a494f538484de40f55b2cf/element/5775BB1B5D6E3100F33BD9156B88B3FD_element_16/text HTTP/1.1
User-Agent: selenium/4.8.3 (java windows)
Cache-Control: no-cache
Content-Type: application/json; charset=utf-8
host: localhost:31219
accept: */*

Response DefaultHttpResponse(decodeResult: success, version: HTTP/1.1)
HTTP/1.1 200 OK
Content-Length: 27
Content-Type: application/json; charset=utf-8
cache-control: no-cache

[DEBUG] Adding key: http://localhost:31219 for channel [id: 0xa45c3bbb, L:/127.0.0.1:58301 - R:localhost/127.0.0.1:31219]
[DEBUG] Using pooled Channel '[id: 0xa45c3bbb, L:/127.0.0.1:58301 - R:localhost/127.0.0.1:31219]' for 'POST' to 'http://localhost:31219/session/ef9c975180a494f538484de40f55b2cf/elements'
[DEBUG] Using open Channel [id: 0xa45c3bbb, L:/127.0.0.1:58301 - R:localhost/127.0.0.1:31219] for POST '/session/ef9c975180a494f538484de40f55b2cf/elements'
[DEBUG] 

Request DefaultFullHttpRequest(decodeResult: success, version: HTTP/1.1, content: EmptyByteBufBE)
GET /session/ef9c975180a494f538484de40f55b2cf/element/5775BB1B5D6E3100F33BD9156B88B3FD_element_16/text HTTP/1.1
User-Agent: selenium/4.8.3 (java windows)
Cache-Control: no-cache
Content-Type: application/json; charset=utf-8
host: localhost:31219
accept: */*

Response DefaultHttpResponse(decodeResult: success, version: HTTP/1.1)
HTTP/1.1 200 OK
Content-Length: 27
Content-Type: application/json; charset=utf-8
cache-control: no-cache

[DEBUG] Adding key: http://localhost:31219 for channel [id: 0x4399a49d, L:/127.0.0.1:58280 - R:localhost/127.0.0.1:31219]
[DEBUG] 

Request DefaultHttpRequest(decodeResult: success, version: HTTP/1.1)
POST /session/ef9c975180a494f538484de40f55b2cf/elements HTTP/1.1
User-Agent: selenium/4.8.3 (java windows)
Content-Length: 86
Content-Type: application/json; charset=utf-8
host: localhost:31219
accept: */*

Response DefaultHttpResponse(decodeResult: success, version: HTTP/1.1)
HTTP/1.1 200 OK
Content-Length: 3790
Content-Type: application/json; charset=utf-8
cache-control: no-cache

[DEBUG] Adding key: http://localhost:31219 for channel [id: 0xa45c3bbb, L:/127.0.0.1:58301 - R:localhost/127.0.0.1:31219]
[DEBUG] Using pooled Channel '[id: 0xa45c3bbb, L:/127.0.0.1:58301 - R:localhost/127.0.0.1:31219]' for 'GET' to 'http://localhost:31219/session/ef9c975180a494f538484de40f55b2cf/element/5775BB1B5D6E3100F33BD9156B88B3FD_element_17/text'
[DEBUG] Using open Channel [id: 0xa45c3bbb, L:/127.0.0.1:58301 - R:localhost/127.0.0.1:31219] for GET '/session/ef9c975180a494f538484de40f55b2cf/element/5775BB1B5D6E3100F33BD9156B88B3FD_element_17/text'
[DEBUG] 

Request DefaultHttpRequest(decodeResult: success, version: HTTP/1.1)
POST /session/ef9c975180a494f538484de40f55b2cf/elements HTTP/1.1
User-Agent: selenium/4.8.3 (java windows)
Content-Length: 86
Content-Type: application/json; charset=utf-8
host: localhost:31219
accept: */*

Response DefaultHttpResponse(decodeResult: success, version: HTTP/1.1)
HTTP/1.1 200 OK
Content-Length: 3790
Content-Type: application/json; charset=utf-8
cache-control: no-cache

[DEBUG] Adding key: http://localhost:31219 for channel [id: 0x4399a49d, L:/127.0.0.1:58280 - R:localhost/127.0.0.1:31219]
[DEBUG] 

Request DefaultFullHttpRequest(decodeResult: success, version: HTTP/1.1, content: EmptyByteBufBE)
GET /session/ef9c975180a494f538484de40f55b2cf/element/5775BB1B5D6E3100F33BD9156B88B3FD_element_17/text HTTP/1.1
User-Agent: selenium/4.8.3 (java windows)
Cache-Control: no-cache
Content-Type: application/json; charset=utf-8
host: localhost:31219
accept: */*

Response DefaultHttpResponse(decodeResult: success, version: HTTP/1.1)
HTTP/1.1 200 OK
Content-Length: 28
Content-Type: application/json; charset=utf-8
cache-control: no-cache

[DEBUG] Adding key: http://localhost:31219 for channel [id: 0xa45c3bbb, L:/127.0.0.1:58301 - R:localhost/127.0.0.1:31219]
[DEBUG] Using pooled Channel '[id: 0xa45c3bbb, L:/127.0.0.1:58301 - R:localhost/127.0.0.1:31219]' for 'POST' to 'http://localhost:31219/session/ef9c975180a494f538484de40f55b2cf/elements'
[DEBUG] Using open Channel [id: 0xa45c3bbb, L:/127.0.0.1:58301 - R:localhost/127.0.0.1:31219] for POST '/session/ef9c975180a494f538484de40f55b2cf/elements'
[DEBUG] 

Request DefaultFullHttpRequest(decodeResult: success, version: HTTP/1.1, content: EmptyByteBufBE)
GET /session/ef9c975180a494f538484de40f55b2cf/element/5775BB1B5D6E3100F33BD9156B88B3FD_element_17/text HTTP/1.1
User-Agent: selenium/4.8.3 (java windows)
Cache-Control: no-cache
Content-Type: application/json; charset=utf-8
host: localhost:31219
accept: */*

Response DefaultHttpResponse(decodeResult: success, version: HTTP/1.1)
HTTP/1.1 200 OK
Content-Length: 28
Content-Type: application/json; charset=utf-8
cache-control: no-cache

[DEBUG] Adding key: http://localhost:31219 for channel [id: 0x4399a49d, L:/127.0.0.1:58280 - R:localhost/127.0.0.1:31219]
[DEBUG] 

Request DefaultHttpRequest(decodeResult: success, version: HTTP/1.1)
POST /session/ef9c975180a494f538484de40f55b2cf/elements HTTP/1.1
User-Agent: selenium/4.8.3 (java windows)
Content-Length: 86
Content-Type: application/json; charset=utf-8
host: localhost:31219
accept: */*

Response DefaultHttpResponse(decodeResult: success, version: HTTP/1.1)
HTTP/1.1 200 OK
Content-Length: 3790
Content-Type: application/json; charset=utf-8
cache-control: no-cache

[DEBUG] Adding key: http://localhost:31219 for channel [id: 0xa45c3bbb, L:/127.0.0.1:58301 - R:localhost/127.0.0.1:31219]
[DEBUG] Using pooled Channel '[id: 0xa45c3bbb, L:/127.0.0.1:58301 - R:localhost/127.0.0.1:31219]' for 'GET' to 'http://localhost:31219/session/ef9c975180a494f538484de40f55b2cf/element/5775BB1B5D6E3100F33BD9156B88B3FD_element_18/text'
[DEBUG] Using open Channel [id: 0xa45c3bbb, L:/127.0.0.1:58301 - R:localhost/127.0.0.1:31219] for GET '/session/ef9c975180a494f538484de40f55b2cf/element/5775BB1B5D6E3100F33BD9156B88B3FD_element_18/text'
[DEBUG] 

Request DefaultHttpRequest(decodeResult: success, version: HTTP/1.1)
POST /session/ef9c975180a494f538484de40f55b2cf/elements HTTP/1.1
User-Agent: selenium/4.8.3 (java windows)
Content-Length: 86
Content-Type: application/json; charset=utf-8
host: localhost:31219
accept: */*

Response DefaultHttpResponse(decodeResult: success, version: HTTP/1.1)
HTTP/1.1 200 OK
Content-Length: 3790
Content-Type: application/json; charset=utf-8
cache-control: no-cache

[DEBUG] Adding key: http://localhost:31219 for channel [id: 0x4399a49d, L:/127.0.0.1:58280 - R:localhost/127.0.0.1:31219]
[DEBUG] 

Request DefaultFullHttpRequest(decodeResult: success, version: HTTP/1.1, content: EmptyByteBufBE)
GET /session/ef9c975180a494f538484de40f55b2cf/element/5775BB1B5D6E3100F33BD9156B88B3FD_element_18/text HTTP/1.1
User-Agent: selenium/4.8.3 (java windows)
Cache-Control: no-cache
Content-Type: application/json; charset=utf-8
host: localhost:31219
accept: */*

Response DefaultHttpResponse(decodeResult: success, version: HTTP/1.1)
HTTP/1.1 200 OK
Content-Length: 27
Content-Type: application/json; charset=utf-8
cache-control: no-cache

[DEBUG] Adding key: http://localhost:31219 for channel [id: 0xa45c3bbb, L:/127.0.0.1:58301 - R:localhost/127.0.0.1:31219]
[DEBUG] Using pooled Channel '[id: 0xa45c3bbb, L:/127.0.0.1:58301 - R:localhost/127.0.0.1:31219]' for 'POST' to 'http://localhost:31219/session/ef9c975180a494f538484de40f55b2cf/elements'
[DEBUG] Using open Channel [id: 0xa45c3bbb, L:/127.0.0.1:58301 - R:localhost/127.0.0.1:31219] for POST '/session/ef9c975180a494f538484de40f55b2cf/elements'
[DEBUG] 

Request DefaultFullHttpRequest(decodeResult: success, version: HTTP/1.1, content: EmptyByteBufBE)
GET /session/ef9c975180a494f538484de40f55b2cf/element/5775BB1B5D6E3100F33BD9156B88B3FD_element_18/text HTTP/1.1
User-Agent: selenium/4.8.3 (java windows)
Cache-Control: no-cache
Content-Type: application/json; charset=utf-8
host: localhost:31219
accept: */*

Response DefaultHttpResponse(decodeResult: success, version: HTTP/1.1)
HTTP/1.1 200 OK
Content-Length: 27
Content-Type: application/json; charset=utf-8
cache-control: no-cache

[DEBUG] Adding key: http://localhost:31219 for channel [id: 0x4399a49d, L:/127.0.0.1:58280 - R:localhost/127.0.0.1:31219]
[DEBUG] 

Request DefaultHttpRequest(decodeResult: success, version: HTTP/1.1)
POST /session/ef9c975180a494f538484de40f55b2cf/elements HTTP/1.1
User-Agent: selenium/4.8.3 (java windows)
Content-Length: 86
Content-Type: application/json; charset=utf-8
host: localhost:31219
accept: */*

Response DefaultHttpResponse(decodeResult: success, version: HTTP/1.1)
HTTP/1.1 200 OK
Content-Length: 3790
Content-Type: application/json; charset=utf-8
cache-control: no-cache

[DEBUG] Adding key: http://localhost:31219 for channel [id: 0xa45c3bbb, L:/127.0.0.1:58301 - R:localhost/127.0.0.1:31219]
[DEBUG] Using pooled Channel '[id: 0xa45c3bbb, L:/127.0.0.1:58301 - R:localhost/127.0.0.1:31219]' for 'GET' to 'http://localhost:31219/session/ef9c975180a494f538484de40f55b2cf/element/5775BB1B5D6E3100F33BD9156B88B3FD_element_19/text'
[DEBUG] Using open Channel [id: 0xa45c3bbb, L:/127.0.0.1:58301 - R:localhost/127.0.0.1:31219] for GET '/session/ef9c975180a494f538484de40f55b2cf/element/5775BB1B5D6E3100F33BD9156B88B3FD_element_19/text'
[DEBUG] 

Request DefaultHttpRequest(decodeResult: success, version: HTTP/1.1)
POST /session/ef9c975180a494f538484de40f55b2cf/elements HTTP/1.1
User-Agent: selenium/4.8.3 (java windows)
Content-Length: 86
Content-Type: application/json; charset=utf-8
host: localhost:31219
accept: */*

Response DefaultHttpResponse(decodeResult: success, version: HTTP/1.1)
HTTP/1.1 200 OK
Content-Length: 3790
Content-Type: application/json; charset=utf-8
cache-control: no-cache

[DEBUG] Adding key: http://localhost:31219 for channel [id: 0x4399a49d, L:/127.0.0.1:58280 - R:localhost/127.0.0.1:31219]
[DEBUG] 

Request DefaultFullHttpRequest(decodeResult: success, version: HTTP/1.1, content: EmptyByteBufBE)
GET /session/ef9c975180a494f538484de40f55b2cf/element/5775BB1B5D6E3100F33BD9156B88B3FD_element_19/text HTTP/1.1
User-Agent: selenium/4.8.3 (java windows)
Cache-Control: no-cache
Content-Type: application/json; charset=utf-8
host: localhost:31219
accept: */*

Response DefaultHttpResponse(decodeResult: success, version: HTTP/1.1)
HTTP/1.1 200 OK
Content-Length: 20
Content-Type: application/json; charset=utf-8
cache-control: no-cache

[DEBUG] Adding key: http://localhost:31219 for channel [id: 0xa45c3bbb, L:/127.0.0.1:58301 - R:localhost/127.0.0.1:31219]
[DEBUG] Using pooled Channel '[id: 0xa45c3bbb, L:/127.0.0.1:58301 - R:localhost/127.0.0.1:31219]' for 'POST' to 'http://localhost:31219/session/ef9c975180a494f538484de40f55b2cf/elements'
[DEBUG] Using open Channel [id: 0xa45c3bbb, L:/127.0.0.1:58301 - R:localhost/127.0.0.1:31219] for POST '/session/ef9c975180a494f538484de40f55b2cf/elements'
[DEBUG] 

Request DefaultFullHttpRequest(decodeResult: success, version: HTTP/1.1, content: EmptyByteBufBE)
GET /session/ef9c975180a494f538484de40f55b2cf/element/5775BB1B5D6E3100F33BD9156B88B3FD_element_19/text HTTP/1.1
User-Agent: selenium/4.8.3 (java windows)
Cache-Control: no-cache
Content-Type: application/json; charset=utf-8
host: localhost:31219
accept: */*

Response DefaultHttpResponse(decodeResult: success, version: HTTP/1.1)
HTTP/1.1 200 OK
Content-Length: 20
Content-Type: application/json; charset=utf-8
cache-control: no-cache

[DEBUG] Adding key: http://localhost:31219 for channel [id: 0x4399a49d, L:/127.0.0.1:58280 - R:localhost/127.0.0.1:31219]
[DEBUG] 

Request DefaultHttpRequest(decodeResult: success, version: HTTP/1.1)
POST /session/ef9c975180a494f538484de40f55b2cf/elements HTTP/1.1
User-Agent: selenium/4.8.3 (java windows)
Content-Length: 86
Content-Type: application/json; charset=utf-8
host: localhost:31219
accept: */*

Response DefaultHttpResponse(decodeResult: success, version: HTTP/1.1)
HTTP/1.1 200 OK
Content-Length: 3790
Content-Type: application/json; charset=utf-8
cache-control: no-cache

[DEBUG] Adding key: http://localhost:31219 for channel [id: 0xa45c3bbb, L:/127.0.0.1:58301 - R:localhost/127.0.0.1:31219]
[DEBUG] Using pooled Channel '[id: 0xa45c3bbb, L:/127.0.0.1:58301 - R:localhost/127.0.0.1:31219]' for 'GET' to 'http://localhost:31219/session/ef9c975180a494f538484de40f55b2cf/element/5775BB1B5D6E3100F33BD9156B88B3FD_element_20/text'
[DEBUG] Using open Channel [id: 0xa45c3bbb, L:/127.0.0.1:58301 - R:localhost/127.0.0.1:31219] for GET '/session/ef9c975180a494f538484de40f55b2cf/element/5775BB1B5D6E3100F33BD9156B88B3FD_element_20/text'
[DEBUG] 

Request DefaultHttpRequest(decodeResult: success, version: HTTP/1.1)
POST /session/ef9c975180a494f538484de40f55b2cf/elements HTTP/1.1
User-Agent: selenium/4.8.3 (java windows)
Content-Length: 86
Content-Type: application/json; charset=utf-8
host: localhost:31219
accept: */*

Response DefaultHttpResponse(decodeResult: success, version: HTTP/1.1)
HTTP/1.1 200 OK
Content-Length: 3790
Content-Type: application/json; charset=utf-8
cache-control: no-cache

[DEBUG] Adding key: http://localhost:31219 for channel [id: 0x4399a49d, L:/127.0.0.1:58280 - R:localhost/127.0.0.1:31219]
[DEBUG] 

Request DefaultFullHttpRequest(decodeResult: success, version: HTTP/1.1, content: EmptyByteBufBE)
GET /session/ef9c975180a494f538484de40f55b2cf/element/5775BB1B5D6E3100F33BD9156B88B3FD_element_20/text HTTP/1.1
User-Agent: selenium/4.8.3 (java windows)
Cache-Control: no-cache
Content-Type: application/json; charset=utf-8
host: localhost:31219
accept: */*

Response DefaultHttpResponse(decodeResult: success, version: HTTP/1.1)
HTTP/1.1 200 OK
Content-Length: 23
Content-Type: application/json; charset=utf-8
cache-control: no-cache

[DEBUG] Adding key: http://localhost:31219 for channel [id: 0xa45c3bbb, L:/127.0.0.1:58301 - R:localhost/127.0.0.1:31219]
[DEBUG] Using pooled Channel '[id: 0xa45c3bbb, L:/127.0.0.1:58301 - R:localhost/127.0.0.1:31219]' for 'POST' to 'http://localhost:31219/session/ef9c975180a494f538484de40f55b2cf/elements'
[DEBUG] Using open Channel [id: 0xa45c3bbb, L:/127.0.0.1:58301 - R:localhost/127.0.0.1:31219] for POST '/session/ef9c975180a494f538484de40f55b2cf/elements'
[DEBUG] 

Request DefaultFullHttpRequest(decodeResult: success, version: HTTP/1.1, content: EmptyByteBufBE)
GET /session/ef9c975180a494f538484de40f55b2cf/element/5775BB1B5D6E3100F33BD9156B88B3FD_element_20/text HTTP/1.1
User-Agent: selenium/4.8.3 (java windows)
Cache-Control: no-cache
Content-Type: application/json; charset=utf-8
host: localhost:31219
accept: */*

Response DefaultHttpResponse(decodeResult: success, version: HTTP/1.1)
HTTP/1.1 200 OK
Content-Length: 23
Content-Type: application/json; charset=utf-8
cache-control: no-cache

[DEBUG] Adding key: http://localhost:31219 for channel [id: 0x4399a49d, L:/127.0.0.1:58280 - R:localhost/127.0.0.1:31219]
[DEBUG] 

Request DefaultHttpRequest(decodeResult: success, version: HTTP/1.1)
POST /session/ef9c975180a494f538484de40f55b2cf/elements HTTP/1.1
User-Agent: selenium/4.8.3 (java windows)
Content-Length: 86
Content-Type: application/json; charset=utf-8
host: localhost:31219
accept: */*

Response DefaultHttpResponse(decodeResult: success, version: HTTP/1.1)
HTTP/1.1 200 OK
Content-Length: 3790
Content-Type: application/json; charset=utf-8
cache-control: no-cache

[DEBUG] Adding key: http://localhost:31219 for channel [id: 0xa45c3bbb, L:/127.0.0.1:58301 - R:localhost/127.0.0.1:31219]
[DEBUG] Using pooled Channel '[id: 0xa45c3bbb, L:/127.0.0.1:58301 - R:localhost/127.0.0.1:31219]' for 'GET' to 'http://localhost:31219/session/ef9c975180a494f538484de40f55b2cf/element/5775BB1B5D6E3100F33BD9156B88B3FD_element_21/text'
[DEBUG] Using open Channel [id: 0xa45c3bbb, L:/127.0.0.1:58301 - R:localhost/127.0.0.1:31219] for GET '/session/ef9c975180a494f538484de40f55b2cf/element/5775BB1B5D6E3100F33BD9156B88B3FD_element_21/text'
[DEBUG] 

Request DefaultHttpRequest(decodeResult: success, version: HTTP/1.1)
POST /session/ef9c975180a494f538484de40f55b2cf/elements HTTP/1.1
User-Agent: selenium/4.8.3 (java windows)
Content-Length: 86
Content-Type: application/json; charset=utf-8
host: localhost:31219
accept: */*

Response DefaultHttpResponse(decodeResult: success, version: HTTP/1.1)
HTTP/1.1 200 OK
Content-Length: 3790
Content-Type: application/json; charset=utf-8
cache-control: no-cache

[DEBUG] Adding key: http://localhost:31219 for channel [id: 0x4399a49d, L:/127.0.0.1:58280 - R:localhost/127.0.0.1:31219]
[DEBUG] 

Request DefaultFullHttpRequest(decodeResult: success, version: HTTP/1.1, content: EmptyByteBufBE)
GET /session/ef9c975180a494f538484de40f55b2cf/element/5775BB1B5D6E3100F33BD9156B88B3FD_element_21/text HTTP/1.1
User-Agent: selenium/4.8.3 (java windows)
Cache-Control: no-cache
Content-Type: application/json; charset=utf-8
host: localhost:31219
accept: */*

Response DefaultHttpResponse(decodeResult: success, version: HTTP/1.1)
HTTP/1.1 200 OK
Content-Length: 25
Content-Type: application/json; charset=utf-8
cache-control: no-cache

[DEBUG] Adding key: http://localhost:31219 for channel [id: 0xa45c3bbb, L:/127.0.0.1:58301 - R:localhost/127.0.0.1:31219]
[DEBUG] Using pooled Channel '[id: 0xa45c3bbb, L:/127.0.0.1:58301 - R:localhost/127.0.0.1:31219]' for 'POST' to 'http://localhost:31219/session/ef9c975180a494f538484de40f55b2cf/elements'
[DEBUG] Using open Channel [id: 0xa45c3bbb, L:/127.0.0.1:58301 - R:localhost/127.0.0.1:31219] for POST '/session/ef9c975180a494f538484de40f55b2cf/elements'
[DEBUG] 

Request DefaultFullHttpRequest(decodeResult: success, version: HTTP/1.1, content: EmptyByteBufBE)
GET /session/ef9c975180a494f538484de40f55b2cf/element/5775BB1B5D6E3100F33BD9156B88B3FD_element_21/text HTTP/1.1
User-Agent: selenium/4.8.3 (java windows)
Cache-Control: no-cache
Content-Type: application/json; charset=utf-8
host: localhost:31219
accept: */*

Response DefaultHttpResponse(decodeResult: success, version: HTTP/1.1)
HTTP/1.1 200 OK
Content-Length: 25
Content-Type: application/json; charset=utf-8
cache-control: no-cache

[DEBUG] Adding key: http://localhost:31219 for channel [id: 0x4399a49d, L:/127.0.0.1:58280 - R:localhost/127.0.0.1:31219]
[DEBUG] 

Request DefaultHttpRequest(decodeResult: success, version: HTTP/1.1)
POST /session/ef9c975180a494f538484de40f55b2cf/elements HTTP/1.1
User-Agent: selenium/4.8.3 (java windows)
Content-Length: 86
Content-Type: application/json; charset=utf-8
host: localhost:31219
accept: */*

Response DefaultHttpResponse(decodeResult: success, version: HTTP/1.1)
HTTP/1.1 200 OK
Content-Length: 3790
Content-Type: application/json; charset=utf-8
cache-control: no-cache

[DEBUG] Adding key: http://localhost:31219 for channel [id: 0xa45c3bbb, L:/127.0.0.1:58301 - R:localhost/127.0.0.1:31219]
[DEBUG] Using pooled Channel '[id: 0xa45c3bbb, L:/127.0.0.1:58301 - R:localhost/127.0.0.1:31219]' for 'GET' to 'http://localhost:31219/session/ef9c975180a494f538484de40f55b2cf/element/5775BB1B5D6E3100F33BD9156B88B3FD_element_22/text'
[DEBUG] Using open Channel [id: 0xa45c3bbb, L:/127.0.0.1:58301 - R:localhost/127.0.0.1:31219] for GET '/session/ef9c975180a494f538484de40f55b2cf/element/5775BB1B5D6E3100F33BD9156B88B3FD_element_22/text'
[DEBUG] 

Request DefaultHttpRequest(decodeResult: success, version: HTTP/1.1)
POST /session/ef9c975180a494f538484de40f55b2cf/elements HTTP/1.1
User-Agent: selenium/4.8.3 (java windows)
Content-Length: 86
Content-Type: application/json; charset=utf-8
host: localhost:31219
accept: */*

Response DefaultHttpResponse(decodeResult: success, version: HTTP/1.1)
HTTP/1.1 200 OK
Content-Length: 3790
Content-Type: application/json; charset=utf-8
cache-control: no-cache

[DEBUG] Adding key: http://localhost:31219 for channel [id: 0x4399a49d, L:/127.0.0.1:58280 - R:localhost/127.0.0.1:31219]
[DEBUG] 

Request DefaultFullHttpRequest(decodeResult: success, version: HTTP/1.1, content: EmptyByteBufBE)
GET /session/ef9c975180a494f538484de40f55b2cf/element/5775BB1B5D6E3100F33BD9156B88B3FD_element_22/text HTTP/1.1
User-Agent: selenium/4.8.3 (java windows)
Cache-Control: no-cache
Content-Type: application/json; charset=utf-8
host: localhost:31219
accept: */*

Response DefaultHttpResponse(decodeResult: success, version: HTTP/1.1)
HTTP/1.1 200 OK
Content-Length: 23
Content-Type: application/json; charset=utf-8
cache-control: no-cache

[DEBUG] Adding key: http://localhost:31219 for channel [id: 0xa45c3bbb, L:/127.0.0.1:58301 - R:localhost/127.0.0.1:31219]
[DEBUG] Using pooled Channel '[id: 0xa45c3bbb, L:/127.0.0.1:58301 - R:localhost/127.0.0.1:31219]' for 'POST' to 'http://localhost:31219/session/ef9c975180a494f538484de40f55b2cf/elements'
[DEBUG] Using open Channel [id: 0xa45c3bbb, L:/127.0.0.1:58301 - R:localhost/127.0.0.1:31219] for POST '/session/ef9c975180a494f538484de40f55b2cf/elements'
[DEBUG] 

Request DefaultFullHttpRequest(decodeResult: success, version: HTTP/1.1, content: EmptyByteBufBE)
GET /session/ef9c975180a494f538484de40f55b2cf/element/5775BB1B5D6E3100F33BD9156B88B3FD_element_22/text HTTP/1.1
User-Agent: selenium/4.8.3 (java windows)
Cache-Control: no-cache
Content-Type: application/json; charset=utf-8
host: localhost:31219
accept: */*

Response DefaultHttpResponse(decodeResult: success, version: HTTP/1.1)
HTTP/1.1 200 OK
Content-Length: 23
Content-Type: application/json; charset=utf-8
cache-control: no-cache

[DEBUG] Adding key: http://localhost:31219 for channel [id: 0x4399a49d, L:/127.0.0.1:58280 - R:localhost/127.0.0.1:31219]
[DEBUG] 

Request DefaultHttpRequest(decodeResult: success, version: HTTP/1.1)
POST /session/ef9c975180a494f538484de40f55b2cf/elements HTTP/1.1
User-Agent: selenium/4.8.3 (java windows)
Content-Length: 86
Content-Type: application/json; charset=utf-8
host: localhost:31219
accept: */*

Response DefaultHttpResponse(decodeResult: success, version: HTTP/1.1)
HTTP/1.1 200 OK
Content-Length: 3790
Content-Type: application/json; charset=utf-8
cache-control: no-cache

[DEBUG] Adding key: http://localhost:31219 for channel [id: 0xa45c3bbb, L:/127.0.0.1:58301 - R:localhost/127.0.0.1:31219]
[DEBUG] Using pooled Channel '[id: 0xa45c3bbb, L:/127.0.0.1:58301 - R:localhost/127.0.0.1:31219]' for 'GET' to 'http://localhost:31219/session/ef9c975180a494f538484de40f55b2cf/element/5775BB1B5D6E3100F33BD9156B88B3FD_element_23/text'
[DEBUG] Using open Channel [id: 0xa45c3bbb, L:/127.0.0.1:58301 - R:localhost/127.0.0.1:31219] for GET '/session/ef9c975180a494f538484de40f55b2cf/element/5775BB1B5D6E3100F33BD9156B88B3FD_element_23/text'
[DEBUG] 

Request DefaultHttpRequest(decodeResult: success, version: HTTP/1.1)
POST /session/ef9c975180a494f538484de40f55b2cf/elements HTTP/1.1
User-Agent: selenium/4.8.3 (java windows)
Content-Length: 86
Content-Type: application/json; charset=utf-8
host: localhost:31219
accept: */*

Response DefaultHttpResponse(decodeResult: success, version: HTTP/1.1)
HTTP/1.1 200 OK
Content-Length: 3790
Content-Type: application/json; charset=utf-8
cache-control: no-cache

[DEBUG] Adding key: http://localhost:31219 for channel [id: 0x4399a49d, L:/127.0.0.1:58280 - R:localhost/127.0.0.1:31219]
[DEBUG] 

Request DefaultFullHttpRequest(decodeResult: success, version: HTTP/1.1, content: EmptyByteBufBE)
GET /session/ef9c975180a494f538484de40f55b2cf/element/5775BB1B5D6E3100F33BD9156B88B3FD_element_23/text HTTP/1.1
User-Agent: selenium/4.8.3 (java windows)
Cache-Control: no-cache
Content-Type: application/json; charset=utf-8
host: localhost:31219
accept: */*

Response DefaultHttpResponse(decodeResult: success, version: HTTP/1.1)
HTTP/1.1 200 OK
Content-Length: 25
Content-Type: application/json; charset=utf-8
cache-control: no-cache

[DEBUG] Adding key: http://localhost:31219 for channel [id: 0xa45c3bbb, L:/127.0.0.1:58301 - R:localhost/127.0.0.1:31219]
[DEBUG] Using pooled Channel '[id: 0xa45c3bbb, L:/127.0.0.1:58301 - R:localhost/127.0.0.1:31219]' for 'POST' to 'http://localhost:31219/session/ef9c975180a494f538484de40f55b2cf/elements'
[DEBUG] Using open Channel [id: 0xa45c3bbb, L:/127.0.0.1:58301 - R:localhost/127.0.0.1:31219] for POST '/session/ef9c975180a494f538484de40f55b2cf/elements'
[DEBUG] Entry count for : http://localhost:58282 : 1
[DEBUG] Entry count for : http://localhost:44411 : 1
[DEBUG] Entry count for : http://localhost:58281 : 1
[DEBUG] Entry count for : http://localhost:58282 : 1
[DEBUG] Entry count for : http://localhost:44411 : 1
[DEBUG] Entry count for : http://localhost:58281 : 1
[DEBUG] Entry count for : http://localhost:58282 : 1
[DEBUG] Entry count for : http://localhost:44411 : 1
[DEBUG] Entry count for : http://localhost:58281 : 1
[DEBUG] Entry count for : http://localhost:58282 : 1
[DEBUG] Entry count for : http://localhost:44411 : 1
[DEBUG] Entry count for : http://localhost:58281 : 1
[DEBUG] Entry count for : http://localhost:58282 : 1
[DEBUG] Entry count for : http://localhost:44411 : 1
[DEBUG] Entry count for : http://localhost:58281 : 1
[DEBUG] Entry count for : http://localhost:58282 : 1
[DEBUG] Entry count for : http://localhost:44411 : 1
[DEBUG] Entry count for : http://localhost:58281 : 1
[DEBUG] Entry count for : http://localhost:58282 : 1
[DEBUG] Entry count for : http://localhost:44411 : 1
[DEBUG] Entry count for : http://localhost:58281 : 1
[DEBUG] Entry count for : http://localhost:58282 : 1
[DEBUG] Entry count for : http://localhost:44411 : 1
[DEBUG] Entry count for : http://localhost:58281 : 1
[DEBUG] Entry count for : http://localhost:58282 : 1
[DEBUG] Entry count for : http://localhost:44411 : 1
[DEBUG] Entry count for : http://localhost:58281 : 1
[DEBUG] Entry count for : http://localhost:58282 : 1
[DEBUG] Entry count for : http://localhost:44411 : 1
[DEBUG] Entry count for : http://localhost:58281 : 1
[DEBUG] Entry count for : http://localhost:58282 : 1
[DEBUG] Entry count for : http://localhost:44411 : 1
[DEBUG] Entry count for : http://localhost:58281 : 1
[DEBUG] Entry count for : http://localhost:58282 : 1
[DEBUG] Entry count for : http://localhost:44411 : 1
[DEBUG] Entry count for : http://localhost:58281 : 1
[DEBUG] Entry count for : http://localhost:58282 : 1
[DEBUG] Entry count for : http://localhost:44411 : 1
[DEBUG] Entry count for : http://localhost:58281 : 1
[DEBUG] Entry count for : http://localhost:58282 : 1
[DEBUG] Entry count for : http://localhost:44411 : 1
[DEBUG] Entry count for : http://localhost:58281 : 1
[DEBUG] Entry count for : http://localhost:58282 : 1
[DEBUG] Entry count for : http://localhost:44411 : 1
[DEBUG] Entry count for : http://localhost:58281 : 1
[DEBUG] Entry count for : http://localhost:58282 : 1
[DEBUG] Entry count for : http://localhost:44411 : 1
[DEBUG] Entry count for : http://localhost:58281 : 1
[DEBUG] Entry count for : http://localhost:58282 : 1
[DEBUG] Entry count for : http://localhost:44411 : 1
[DEBUG] Entry count for : http://localhost:58281 : 1
[DEBUG] Entry count for : http://localhost:58282 : 1
[DEBUG] Entry count for : http://localhost:44411 : 1
[DEBUG] Entry count for : http://localhost:58281 : 1
[DEBUG] Entry count for : http://localhost:58282 : 1
[DEBUG] Entry count for : http://localhost:44411 : 1
[DEBUG] Entry count for : http://localhost:58281 : 1
[DEBUG] Entry count for : http://localhost:58282 : 1
[DEBUG] Entry count for : http://localhost:44411 : 1
[DEBUG] Entry count for : http://localhost:58281 : 1
[DEBUG] 

Request DefaultHttpRequest(decodeResult: success, version: HTTP/1.1)
POST /session/ef9c975180a494f538484de40f55b2cf/element/5775BB1B5D6E3100F33BD9156B88B3FD_element_22/click HTTP/1.1
User-Agent: selenium/4.8.3 (java windows)
Content-Length: 57
Content-Type: application/json; charset=utf-8
host: localhost:31219
accept: */*

Response DefaultHttpResponse(decodeResult: success, version: HTTP/1.1)
HTTP/1.1 200 OK
Content-Length: 14
Content-Type: application/json; charset=utf-8
cache-control: no-cache

[DEBUG] Adding key: http://localhost:31219 for channel [id: 0x4399a49d, L:/127.0.0.1:58280 - R:localhost/127.0.0.1:31219]
[DEBUG] Entry count for : http://localhost:58282 : 1
[DEBUG] Entry count for : http://localhost:44411 : 1
[DEBUG] Entry count for : http://localhost:58281 : 1
[DEBUG] Entry count for : http://localhost:58282 : 1
[DEBUG] Entry count for : http://localhost:44411 : 1
[DEBUG] Entry count for : http://localhost:58281 : 1
[DEBUG] Entry count for : http://localhost:58282 : 1
[DEBUG] Entry count for : http://localhost:44411 : 1
[DEBUG] Entry count for : http://localhost:58281 : 1
[DEBUG] Entry count for : http://localhost:58282 : 1
[DEBUG] Entry count for : http://localhost:44411 : 1
[DEBUG] Entry count for : http://localhost:58281 : 1
[DEBUG] Entry count for : http://localhost:58282 : 1
[DEBUG] Entry count for : http://localhost:44411 : 1
[DEBUG] Entry count for : http://localhost:58281 : 1
[DEBUG] Entry count for : http://localhost:58282 : 1
[DEBUG] Entry count for : http://localhost:44411 : 1
[DEBUG] Entry count for : http://localhost:58281 : 1
[DEBUG] Entry count for : http://localhost:58282 : 1
[DEBUG] Entry count for : http://localhost:44411 : 1
[DEBUG] Entry count for : http://localhost:58281 : 1
[DEBUG] Entry count for : http://localhost:58282 : 1
[DEBUG] Entry count for : http://localhost:44411 : 1
[DEBUG] Entry count for : http://localhost:58281 : 1
[DEBUG] Entry count for : http://localhost:58282 : 1
[DEBUG] Entry count for : http://localhost:44411 : 1
[DEBUG] Entry count for : http://localhost:58281 : 1
[DEBUG] 

Request DefaultHttpRequest(decodeResult: success, version: HTTP/1.1)
POST /session/ef9c975180a494f538484de40f55b2cf/elements HTTP/1.1
User-Agent: selenium/4.8.3 (java windows)
Content-Length: 86
Content-Type: application/json; charset=utf-8
host: localhost:31219
accept: */*

Response DefaultHttpResponse(decodeResult: success, version: HTTP/1.1)
HTTP/1.1 200 OK
Content-Length: 12
Content-Type: application/json; charset=utf-8
cache-control: no-cache

[DEBUG] Adding key: http://localhost:31219 for channel [id: 0xa45c3bbb, L:/127.0.0.1:58301 - R:localhost/127.0.0.1:31219]
  When I click on "Key Presses" elements on the home page     # StepDefinitions.SeleniumFraStepDef.SelectElementToAutomate(java.lang.String)
      java.lang.IndexOutOfBoundsException: Index 19 out of bounds for length 0
	at java.base/jdk.internal.util.Preconditions.outOfBounds(Preconditions.java:64)
	at java.base/jdk.internal.util.Preconditions.outOfBoundsCheckIndex(Preconditions.java:70)
	at java.base/jdk.internal.util.Preconditions.checkIndex(Preconditions.java:266)
	at java.base/java.util.Objects.checkIndex(Objects.java:359)
	at java.base/java.util.ArrayList.get(ArrayList.java:427)
	at java.base/jdk.internal.reflect.GeneratedMethodAccessor31.invoke(Unknown Source)
	at java.base/jdk.internal.reflect.DelegatingMethodAccessorImpl.invoke(DelegatingMethodAccessorImpl.java:43)
	at java.base/java.lang.reflect.Method.invoke(Method.java:568)
	at org.openqa.selenium.support.pagefactory.internal.LocatingElementListHandler.invoke(LocatingElementListHandler.java:40)
	at jdk.proxy2/jdk.proxy2.$Proxy26.get(Unknown Source)
	at Utilities.FrameworkHelper.GenericDropdown(FrameworkHelper.java:16)
	at StepDefinitions.SeleniumFraStepDef.SelectElementToAutomate(SeleniumFraStepDef.java:139)
	at âœ½.I click on "Key Presses" elements on the home page(file:///C:/Users/Khushi/Desktop/Nitin/EclipsWorkspace/MyFrame/Features/SeleniumFramPractice2.feature:12)

Output == AfterStep
[DEBUG] 

Request DefaultHttpRequest(decodeResult: success, version: HTTP/1.1)
POST /session/ef9c975180a494f538484de40f55b2cf/element HTTP/1.1
User-Agent: selenium/4.8.3 (java windows)
Content-Length: 71
Content-Type: application/json; charset=utf-8
host: localhost:31219
accept: */*

Response DefaultHttpResponse(decodeResult: success, version: HTTP/1.1)
HTTP/1.1 200 OK
Content-Length: 95
Content-Type: application/json; charset=utf-8
cache-control: no-cache

[DEBUG] Adding key: http://localhost:31219 for channel [id: 0x4399a49d, L:/127.0.0.1:58280 - R:localhost/127.0.0.1:31219]
  When I perform and verify keyboard function                 # StepDefinitions.SeleniumFraStepDef.KeyBoardActions()
Output == After
[DEBUG] Using pooled Channel '[id: 0x4399a49d, L:/127.0.0.1:58280 - R:localhost/127.0.0.1:31219]' for 'GET' to 'http://localhost:31219/session/ef9c975180a494f538484de40f55b2cf/screenshot'
[DEBUG] Using open Channel [id: 0x4399a49d, L:/127.0.0.1:58280 - R:localhost/127.0.0.1:31219] for GET '/session/ef9c975180a494f538484de40f55b2cf/screenshot'
[DEBUG] 

Request DefaultFullHttpRequest(decodeResult: success, version: HTTP/1.1, content: EmptyByteBufBE)
GET /session/ef9c975180a494f538484de40f55b2cf/screenshot HTTP/1.1
User-Agent: selenium/4.8.3 (java windows)
Cache-Control: no-cache
Content-Type: application/json; charset=utf-8
host: localhost:31219
accept: */*

Response DefaultHttpResponse(decodeResult: success, version: HTTP/1.1)
HTTP/1.1 200 OK
Content-Length: 80596
Content-Type: application/json; charset=utf-8
cache-control: no-cache

[DEBUG] Adding key: http://localhost:31219 for channel [id: 0x4399a49d, L:/127.0.0.1:58280 - R:localhost/127.0.0.1:31219]

    Embedding screenshot [image/png 60436 bytes]

[DEBUG] 

Request DefaultHttpRequest(decodeResult: success, version: HTTP/1.1)
POST /session/ef9c975180a494f538484de40f55b2cf/element/CFB6EDE9ACE4E4D66A682B5E3A19B603_element_56/value HTTP/1.1
User-Agent: selenium/4.8.3 (java windows)
Content-Length: 456
Content-Type: application/json; charset=utf-8
host: localhost:31219
accept: */*

Response DefaultHttpResponse(decodeResult: success, version: HTTP/1.1)
HTTP/1.1 200 OK
Content-Length: 14
Content-Type: application/json; charset=utf-8
cache-control: no-cache

[DEBUG] Adding key: http://localhost:31219 for channel [id: 0xa45c3bbb, L:/127.0.0.1:58301 - R:localhost/127.0.0.1:31219]
[DEBUG] Using pooled Channel '[id: 0xa45c3bbb, L:/127.0.0.1:58301 - R:localhost/127.0.0.1:31219]' for 'DELETE' to 'http://localhost:31219/session/ef9c975180a494f538484de40f55b2cf'
[DEBUG] Using open Channel [id: 0xa45c3bbb, L:/127.0.0.1:58301 - R:localhost/127.0.0.1:31219] for DELETE '/session/ef9c975180a494f538484de40f55b2cf'
[DEBUG] Channel Closed: [id: 0xd8c1c315, L:/127.0.0.1:58296 ! R:localhost/127.0.0.1:58282] with attribute NettyResponseFuture{currentRetry=0,
	isDone=1,
	isCancelled=0,
	asyncHandler=org.asynchttpclient.ws.WebSocketUpgradeHandler@2e6ade31,
	nettyRequest=org.asynchttpclient.netty.request.NettyRequest@5793f10d,
	future=java.util.concurrent.CompletableFuture@47f5bdb6[Completed normally],
	uri=ws://localhost:58282/devtools/browser/c8645a4a-3b25-45ac-a093-63a92e23693d,
	keepAlive=true,
	redirectCount=0,
	timeoutsHolder=null,
	inAuth=0,
	touch=1686467254576}
[DEBUG] Closing Channel [id: 0xd8c1c315, L:/127.0.0.1:58296 ! R:localhost/127.0.0.1:58282] 
[DEBUG] Unexpected I/O exception on channel [id: 0x3f2446d2, L:/127.0.0.1:58295 - R:localhost/127.0.0.1:58282]
java.net.SocketException: Connection reset
	at java.base/sun.nio.ch.SocketChannelImpl.throwConnectionReset(SocketChannelImpl.java:394) ~[na:na]
	at java.base/sun.nio.ch.SocketChannelImpl.read(SocketChannelImpl.java:426) ~[na:na]
	at io.netty.buffer.PooledByteBuf.setBytes(PooledByteBuf.java:256) ~[netty-buffer-4.1.90.Final.jar:4.1.90.Final]
	at io.netty.buffer.AbstractByteBuf.writeBytes(AbstractByteBuf.java:1132) ~[netty-buffer-4.1.90.Final.jar:4.1.90.Final]
	at io.netty.channel.socket.nio.NioSocketChannel.doReadBytes(NioSocketChannel.java:357) ~[netty-transport-4.1.90.Final.jar:4.1.90.Final]
	at io.netty.channel.nio.AbstractNioByteChannel$NioByteUnsafe.read(AbstractNioByteChannel.java:151) ~[netty-transport-4.1.90.Final.jar:4.1.90.Final]
	at io.netty.channel.nio.NioEventLoop.processSelectedKey(NioEventLoop.java:788) ~[netty-transport-4.1.90.Final.jar:4.1.90.Final]
	at io.netty.channel.nio.NioEventLoop.processSelectedKeysOptimized(NioEventLoop.java:724) ~[netty-transport-4.1.90.Final.jar:4.1.90.Final]
	at io.netty.channel.nio.NioEventLoop.processSelectedKeys(NioEventLoop.java:650) ~[netty-transport-4.1.90.Final.jar:4.1.90.Final]
	at io.netty.channel.nio.NioEventLoop.run(NioEventLoop.java:562) ~[netty-transport-4.1.90.Final.jar:4.1.90.Final]
	at io.netty.util.concurrent.SingleThreadEventExecutor$4.run(SingleThreadEventExecutor.java:997) ~[netty-common-4.1.90.Final.jar:4.1.90.Final]
	at io.netty.util.internal.ThreadExecutorMap$2.run(ThreadExecutorMap.java:74) ~[netty-common-4.1.90.Final.jar:4.1.90.Final]
	at io.netty.util.concurrent.FastThreadLocalRunnable.run(FastThreadLocalRunnable.java:30) ~[netty-common-4.1.90.Final.jar:4.1.90.Final]
	at java.base/java.lang.Thread.run(Thread.java:833) ~[na:na]
[DEBUG] Closing Channel [id: 0x3f2446d2, L:/127.0.0.1:58295 - R:localhost/127.0.0.1:58282] 
[DEBUG] Channel Closed: [id: 0x3f2446d2, L:/127.0.0.1:58295 ! R:localhost/127.0.0.1:58282] with attribute DISCARD
[DEBUG] 

Request DefaultFullHttpRequest(decodeResult: success, version: HTTP/1.1, content: EmptyByteBufBE)
DELETE /session/ef9c975180a494f538484de40f55b2cf HTTP/1.1
User-Agent: selenium/4.8.3 (java windows)
Content-Type: application/json; charset=utf-8
host: localhost:31219
accept: */*

Response DefaultHttpResponse(decodeResult: success, version: HTTP/1.1)
HTTP/1.1 200 OK
Content-Length: 14
Content-Type: application/json; charset=utf-8
cache-control: no-cache

[DEBUG] Adding key: http://localhost:31219 for channel [id: 0xa45c3bbb, L:/127.0.0.1:58301 - R:localhost/127.0.0.1:31219]
[DEBUG] Channel Closed: [id: 0x4399a49d, L:/127.0.0.1:58280 ! R:localhost/127.0.0.1:31219] with attribute DISCARD
[DEBUG] Channel Closed: [id: 0xa45c3bbb, L:/127.0.0.1:58301 ! R:localhost/127.0.0.1:31219] with attribute DISCARD
[DEBUG] Entry count for : http://localhost:58282 : 1
[DEBUG] Entry count for : http://localhost:31219 : 2
[DEBUG] Entry count for : http://localhost:44411 : 1
[DEBUG] Entry count for : http://localhost:58281 : 1
[DEBUG] Adding Candidate expired Channel [id: 0x3f2446d2, L:/127.0.0.1:58295 ! R:localhost/127.0.0.1:58282] isIdleTimeoutExpired=false isRemotelyClosed=true isTtlExpired=false
[DEBUG] Closing Idle Channel [id: 0x3f2446d2, L:/127.0.0.1:58295 ! R:localhost/127.0.0.1:58282]
[DEBUG] Adding Candidate expired Channel [id: 0xa45c3bbb, L:/127.0.0.1:58301 ! R:localhost/127.0.0.1:31219] isIdleTimeoutExpired=false isRemotelyClosed=true isTtlExpired=false
[DEBUG] Adding Candidate expired Channel [id: 0x4399a49d, L:/127.0.0.1:58280 ! R:localhost/127.0.0.1:31219] isIdleTimeoutExpired=false isRemotelyClosed=true isTtlExpired=false
[DEBUG] Closing Idle Channel [id: 0xa45c3bbb, L:/127.0.0.1:58301 ! R:localhost/127.0.0.1:31219]
[DEBUG] Closing Idle Channel [id: 0x4399a49d, L:/127.0.0.1:58280 ! R:localhost/127.0.0.1:31219]
[DEBUG] Closed 3 connections out of 5 in 0 ms
[DEBUG] Entry count for : http://localhost:44411 : 1
[DEBUG] Entry count for : http://localhost:58281 : 1
[DEBUG] Entry count for : http://localhost:44411 : 1
[DEBUG] Entry count for : http://localhost:58281 : 1
]]></system-out>
    <system-err><![CDATA[Starting ChromeDriver 114.0.5735.90 (386bc09e8f4f2e025eddae123f36f6263096ae49-refs/branch-heads/5735@{#1052}) on port 31219
Only local connections are allowed.
Please see https://chromedriver.chromium.org/security-considerations for suggestions on keeping ChromeDriver safe.
ChromeDriver was started successfully.
Jun 11, 2023 12:37:34 PM org.openqa.selenium.devtools.CdpVersionFinder findNearestMatch
WARNING: Unable to find an exact match for CDP version 114, so returning the closest version found: 111
]]></system-err>
  </testcase>
</testsuite>