-------------------------------------------------------------------------------
Test set: TestRunner.Run
-------------------------------------------------------------------------------
Tests run: 1, Failures: 0, Errors: 1, Skipped: 0, Time elapsed: 0.001 s <<< FAILURE! - in TestRunner.Run
initializationError(TestRunner.Run)  Time elapsed: 0.001 s  <<< ERROR!
java.lang.IllegalArgumentException: path must exist: C:\Users\Khushi\Desktop\Nitin\EclipsWorkspace\MyFrame\Features.feature

